2017-06-11 11:01:43.914496: Learning rates LR: 0.010000 
2017-06-11 11:04:01.061208: Iter: 2000 [0], delta_weight_mean : 1.57811166e-06
2017-06-11 11:06:19.586093: Iter: 4000 [0], delta_weight_mean : 1.59394972e-06
2017-06-11 11:08:50.404422: Iter: 6000 [0], delta_weight_mean : 1.61224386e-06
2017-06-11 11:13:04.013898: Iter: 8000 [0], delta_weight_mean : 1.62686922e-06
2017-06-11 11:17:16.301647: Iter: 10000 [0], delta_weight_mean : 1.64100413e-06
2017-06-11 11:21:28.425869: Iter: 12000 [0], delta_weight_mean : 1.65320239e-06
2017-06-11 11:24:37.519281: plotting graph
2017-06-11 11:25:40.744552: Iter: 14000 [1], delta_weight_mean : 1.74961292e-06
2017-06-11 11:29:52.949813: Iter: 16000 [1], delta_weight_mean : 1.75726825e-06
2017-06-11 11:34:05.138996: Iter: 18000 [1], delta_weight_mean : 1.76627725e-06
2017-06-11 11:38:17.193022: Iter: 20000 [1], delta_weight_mean : 1.77451420e-06
2017-06-11 11:42:29.332496: Iter: 22000 [1], delta_weight_mean : 1.78277139e-06
2017-06-11 11:46:41.548530: Iter: 24000 [1], delta_weight_mean : 1.79090364e-06
2017-06-11 11:50:53.802912: Iter: 26000 [1], delta_weight_mean : 1.79897904e-06
2017-06-11 11:52:59.950039: plotting graph
2017-06-11 11:53:00.093747: Plotting weights...
2017-06-11 11:55:13.331225: Iter: 28000 [2], delta_weight_mean : 1.85535919e-06
2017-06-11 11:59:25.720795: Iter: 30000 [2], delta_weight_mean : 1.86542627e-06
2017-06-11 12:03:37.988886: Iter: 32000 [2], delta_weight_mean : 1.87353328e-06
2017-06-11 12:07:43.881035: Iter: 34000 [2], delta_weight_mean : 1.87828016e-06
2017-06-11 12:11:56.037742: Iter: 36000 [2], delta_weight_mean : 1.88407648e-06
2017-06-11 12:16:08.190526: Iter: 38000 [2], delta_weight_mean : 1.88902186e-06
2017-06-11 12:20:20.520546: Iter: 40000 [2], delta_weight_mean : 1.89404705e-06
2017-06-11 12:21:23.588174: plotting graph
2017-06-11 12:24:32.520748: Iter: 42000 [3], delta_weight_mean : 1.94612153e-06
2017-06-11 12:28:44.630351: Iter: 44000 [3], delta_weight_mean : 1.94796849e-06
2017-06-11 12:32:56.787320: Iter: 46000 [3], delta_weight_mean : 1.95318876e-06
2017-06-11 12:37:08.134122: Iter: 48000 [3], delta_weight_mean : 1.95758571e-06
2017-06-11 12:41:20.292681: Iter: 50000 [3], delta_weight_mean : 1.96070823e-06
2017-06-11 12:45:32.436166: Iter: 52000 [3], delta_weight_mean : 1.96487849e-06
2017-06-11 12:49:44.547028: Iter: 54000 [3], delta_weight_mean : 1.96885685e-06
2017-06-11 12:49:44.547198: plotting graph
2017-06-11 12:49:44.679781: Plotting weights...
2017-06-11 12:54:03.229434: Iter: 56000 [4], delta_weight_mean : 2.00747991e-06
2017-06-11 12:58:15.373866: Iter: 58000 [4], delta_weight_mean : 2.00899467e-06
2017-06-11 13:02:21.334329: Iter: 60000 [4], delta_weight_mean : 2.01107491e-06
2017-06-11 13:06:33.485777: Iter: 62000 [4], delta_weight_mean : 2.01548255e-06
2017-06-11 13:10:45.645980: Iter: 64000 [4], delta_weight_mean : 2.02124465e-06
2017-06-11 13:14:57.760327: Iter: 66000 [4], delta_weight_mean : 2.02443721e-06
2017-06-11 13:18:06.852122: plotting graph
2017-06-11 13:19:10.022053: Iter: 68000 [5], delta_weight_mean : 2.05216725e-06
2017-06-11 13:23:22.153223: Iter: 70000 [5], delta_weight_mean : 2.05546735e-06
2017-06-11 13:27:34.272176: Iter: 72000 [5], delta_weight_mean : 2.05902916e-06
2017-06-11 13:31:46.338337: Iter: 74000 [5], delta_weight_mean : 2.06341974e-06
2017-06-11 13:35:58.586747: Iter: 76000 [5], delta_weight_mean : 2.06602704e-06
2017-06-11 13:40:10.812061: Iter: 78000 [5], delta_weight_mean : 2.06781942e-06
2017-06-11 13:44:22.992376: Iter: 80000 [5], delta_weight_mean : 2.07170774e-06
2017-06-11 13:46:29.107229: plotting graph
2017-06-11 13:46:29.221811: Plotting weights...
2017-06-11 13:48:41.916302: Iter: 82000 [6], delta_weight_mean : 2.09593782e-06
2017-06-11 13:52:54.024113: Iter: 84000 [6], delta_weight_mean : 2.09800760e-06
2017-06-11 13:57:06.136717: Iter: 86000 [6], delta_weight_mean : 2.10104986e-06
2017-06-11 14:01:10.754758: Iter: 88000 [6], delta_weight_mean : 2.10281746e-06
2017-06-11 14:05:22.975648: Iter: 90000 [6], delta_weight_mean : 2.10342273e-06
2017-06-11 14:09:35.264081: Iter: 92000 [6], delta_weight_mean : 2.10585154e-06
2017-06-11 14:13:47.530259: Iter: 94000 [6], delta_weight_mean : 2.10871713e-06
2017-06-11 14:14:50.593359: plotting graph
2017-06-11 14:17:59.681603: Iter: 96000 [7], delta_weight_mean : 2.11549605e-06
2017-06-11 14:22:11.763078: Iter: 98000 [7], delta_weight_mean : 2.12088571e-06
2017-06-11 14:26:23.984582: Iter: 100000 [7], delta_weight_mean : 2.12633813e-06
2017-06-11 14:30:35.909146: Iter: 102000 [7], delta_weight_mean : 2.12956206e-06
2017-06-11 14:34:48.156452: Iter: 104000 [7], delta_weight_mean : 2.13187127e-06
2017-06-11 14:39:00.429237: Iter: 106000 [7], delta_weight_mean : 2.13452631e-06
2017-06-11 14:43:12.715532: Iter: 108000 [7], delta_weight_mean : 2.13776889e-06
2017-06-11 14:43:12.715690: plotting graph
2017-06-11 14:43:12.846729: Plotting weights...
2017-06-11 14:47:31.709079: Iter: 110000 [8], delta_weight_mean : 2.14218244e-06
2017-06-11 14:51:43.850213: Iter: 112000 [8], delta_weight_mean : 2.14672627e-06
2017-06-11 14:55:50.206317: Iter: 114000 [8], delta_weight_mean : 2.15013824e-06
2017-06-11 15:00:02.346480: Iter: 116000 [8], delta_weight_mean : 2.15099521e-06
2017-06-11 15:04:14.602498: Iter: 118000 [8], delta_weight_mean : 2.15228442e-06
2017-06-11 15:08:26.881683: Iter: 120000 [8], delta_weight_mean : 2.15240743e-06
2017-06-11 15:11:36.077950: plotting graph
2017-06-11 15:12:39.254502: Iter: 122000 [9], delta_weight_mean : 2.16510944e-06
2017-06-11 15:16:51.393008: Iter: 124000 [9], delta_weight_mean : 2.14654142e-06
2017-06-11 15:21:03.520283: Iter: 126000 [9], delta_weight_mean : 2.15025557e-06
2017-06-11 15:25:15.609267: Iter: 128000 [9], delta_weight_mean : 2.15172076e-06
2017-06-11 15:29:27.723399: Iter: 130000 [9], delta_weight_mean : 2.15444061e-06
2017-06-11 15:33:39.852844: Iter: 132000 [9], delta_weight_mean : 2.15572436e-06
2017-06-11 15:37:51.967179: Iter: 134000 [9], delta_weight_mean : 2.15602881e-06
2017-06-11 15:39:58.045805: plotting graph
2017-06-11 15:39:58.183709: Plotting weights...
2017-06-11 15:42:10.705707: Iter: 136000 [10], delta_weight_mean : 2.14570218e-06
2017-06-11 15:46:22.943190: Iter: 138000 [10], delta_weight_mean : 2.14825900e-06
2017-06-11 15:50:35.143924: Iter: 140000 [10], delta_weight_mean : 2.15158116e-06
2017-06-11 15:54:41.806798: Iter: 142000 [10], delta_weight_mean : 2.15122259e-06
2017-06-11 15:58:54.058310: Iter: 144000 [10], delta_weight_mean : 2.15073101e-06
2017-06-11 16:03:06.342496: Iter: 146000 [10], delta_weight_mean : 2.15001819e-06
2017-06-11 16:07:18.495661: Iter: 148000 [10], delta_weight_mean : 2.14972010e-06
2017-06-11 16:08:21.505091: plotting graph
2017-06-11 16:11:30.569772: Iter: 150000 [11], delta_weight_mean : 2.14007855e-06
2017-06-11 16:15:42.576730: Iter: 152000 [11], delta_weight_mean : 2.14489751e-06
2017-06-11 16:19:54.589082: Iter: 154000 [11], delta_weight_mean : 2.14252304e-06
2017-06-11 16:24:06.170254: Iter: 156000 [11], delta_weight_mean : 2.13718135e-06
2017-06-11 16:28:18.218669: Iter: 158000 [11], delta_weight_mean : 2.13664657e-06
2017-06-11 16:32:30.275400: Iter: 160000 [11], delta_weight_mean : 2.13281623e-06
2017-06-11 16:36:42.344381: Iter: 162000 [11], delta_weight_mean : 2.12975920e-06
2017-06-11 16:36:42.344560: plotting graph
2017-06-11 16:36:42.472620: Plotting weights...
2017-06-11 16:41:01.462666: Iter: 164000 [12], delta_weight_mean : 2.11060592e-06
2017-06-11 16:45:13.933936: Iter: 166000 [12], delta_weight_mean : 2.11474025e-06
2017-06-11 16:49:20.809196: Iter: 168000 [12], delta_weight_mean : 2.10962799e-06
2017-06-11 16:53:33.114419: Iter: 170000 [12], delta_weight_mean : 2.10858275e-06
2017-06-11 16:57:45.429855: Iter: 172000 [12], delta_weight_mean : 2.10613166e-06
2017-06-11 17:01:57.770250: Iter: 174000 [12], delta_weight_mean : 2.10354847e-06
2017-06-11 17:05:06.906264: plotting graph
2017-06-11 17:06:10.017391: Iter: 176000 [13], delta_weight_mean : 2.05769084e-06
2017-06-11 17:10:22.163238: Iter: 178000 [13], delta_weight_mean : 2.07900621e-06
2017-06-11 17:14:34.314748: Iter: 180000 [13], delta_weight_mean : 2.07390372e-06
2017-06-11 17:18:46.068421: Iter: 182000 [13], delta_weight_mean : 2.07256699e-06
2017-06-11 17:22:58.412005: Iter: 184000 [13], delta_weight_mean : 2.07017933e-06
2017-06-11 17:27:10.681183: Iter: 186000 [13], delta_weight_mean : 2.06822733e-06
2017-06-11 17:31:22.949689: Iter: 188000 [13], delta_weight_mean : 2.06320101e-06
2017-06-11 17:33:29.112751: plotting graph
2017-06-11 17:33:29.244525: Plotting weights...
2017-06-11 17:35:41.705704: Iter: 190000 [14], delta_weight_mean : 2.03339937e-06
2017-06-11 17:39:53.845573: Iter: 192000 [14], delta_weight_mean : 2.03262971e-06
2017-06-11 17:44:06.104716: Iter: 194000 [14], delta_weight_mean : 2.02588649e-06
2017-06-11 17:48:12.261946: Iter: 196000 [14], delta_weight_mean : 2.02048341e-06
2017-06-11 17:52:24.501787: Iter: 198000 [14], delta_weight_mean : 2.01293551e-06
2017-06-11 17:56:36.772209: Iter: 200000 [14], delta_weight_mean : 2.00976365e-06
2017-06-11 18:00:49.056345: Iter: 202000 [14], delta_weight_mean : 2.00867544e-06
2017-06-11 18:01:52.115635: plotting graph
2017-06-11 18:05:01.148111: Iter: 204000 [15], delta_weight_mean : 1.96556789e-06
2017-06-11 18:09:13.249315: Iter: 206000 [15], delta_weight_mean : 1.96315750e-06
2017-06-11 18:13:25.302204: Iter: 208000 [15], delta_weight_mean : 1.96246583e-06
2017-06-11 18:17:37.556010: Iter: 210000 [15], delta_weight_mean : 1.95935809e-06
2017-06-11 18:21:49.589611: Iter: 212000 [15], delta_weight_mean : 1.95686198e-06
2017-06-11 18:26:02.062886: Iter: 214000 [15], delta_weight_mean : 1.95494295e-06
2017-06-11 18:30:14.358354: Iter: 216000 [15], delta_weight_mean : 1.95327902e-06
2017-06-11 18:30:14.358523: plotting graph
2017-06-11 18:30:14.495235: Plotting weights...
2017-06-11 18:34:33.366822: Iter: 218000 [16], delta_weight_mean : 1.90518813e-06
2017-06-11 18:38:45.624869: Iter: 220000 [16], delta_weight_mean : 1.89624507e-06
2017-06-11 18:42:52.247439: Iter: 222000 [16], delta_weight_mean : 1.89549462e-06
2017-06-11 18:47:04.546077: Iter: 224000 [16], delta_weight_mean : 1.89310401e-06
2017-06-11 18:51:16.820842: Iter: 226000 [16], delta_weight_mean : 1.88799311e-06
2017-06-11 18:55:29.119275: Iter: 228000 [16], delta_weight_mean : 1.88518891e-06
2017-06-11 18:58:38.317573: plotting graph
2017-06-11 18:59:41.478561: Iter: 230000 [17], delta_weight_mean : 1.83304189e-06
2017-06-11 19:03:53.582308: Iter: 232000 [17], delta_weight_mean : 1.83584666e-06
2017-06-11 19:08:05.678057: Iter: 234000 [17], delta_weight_mean : 1.83324335e-06
2017-06-11 19:12:17.732504: Iter: 236000 [17], delta_weight_mean : 1.83374652e-06
2017-06-11 19:16:29.977589: Iter: 238000 [17], delta_weight_mean : 1.82775034e-06
2017-06-11 19:20:42.511899: Iter: 240000 [17], delta_weight_mean : 1.82570341e-06
2017-06-11 19:24:54.644097: Iter: 242000 [17], delta_weight_mean : 1.82027190e-06
2017-06-11 19:27:00.772759: plotting graph
2017-06-11 19:27:00.912507: Plotting weights...
2017-06-11 19:29:13.896923: Iter: 244000 [18], delta_weight_mean : 1.77523600e-06
2017-06-11 19:33:26.586559: Iter: 246000 [18], delta_weight_mean : 1.77368679e-06
2017-06-11 19:37:38.681617: Iter: 248000 [18], delta_weight_mean : 1.76146273e-06
2017-06-11 19:41:45.246447: Iter: 250000 [18], delta_weight_mean : 1.75049604e-06
2017-06-11 19:45:57.523982: Iter: 252000 [18], delta_weight_mean : 1.74936861e-06
2017-06-11 19:50:09.800369: Iter: 254000 [18], delta_weight_mean : 1.74467675e-06
2017-06-11 19:54:21.992993: Iter: 256000 [18], delta_weight_mean : 1.73939304e-06
2017-06-11 19:55:25.062838: plotting graph
2017-06-11 19:58:34.794063: Iter: 258000 [19], delta_weight_mean : 1.68346071e-06
2017-06-11 20:02:47.079480: Iter: 260000 [19], delta_weight_mean : 1.68158624e-06
2017-06-11 20:06:59.562972: Iter: 262000 [19], delta_weight_mean : 1.67946894e-06
2017-06-11 20:11:11.946443: Iter: 264000 [19], delta_weight_mean : 1.67365783e-06
2017-06-11 20:15:24.245810: Iter: 266000 [19], delta_weight_mean : 1.66822417e-06
2017-06-11 20:19:36.439407: Iter: 268000 [19], delta_weight_mean : 1.66294160e-06
2017-06-11 20:23:48.692013: Iter: 270000 [19], delta_weight_mean : 1.66061011e-06
2017-06-11 20:23:48.692188: plotting graph
2017-06-11 20:23:48.813558: Plotting weights...
2017-06-11 20:23:55.526935: testing validation set
2017-06-11 20:23:55.526997: training count classifer
2017-06-11 20:26:00.502592: Iter: 1000 [0], acc: 0.01% 
2017-06-11 20:28:05.433967: Iter: 2000 [0], acc: 0.01% 
2017-06-11 20:30:10.395478: Iter: 3000 [0], acc: 0.01% 
2017-06-11 20:32:15.361688: Iter: 4000 [0], acc: 0.01% 
2017-06-11 20:34:20.324306: Iter: 5000 [0], acc: 0.01% 
2017-06-11 20:36:19.170427: Iter: 6000 [0], acc: 0.02% 
2017-06-11 20:38:24.204383: Iter: 7000 [0], acc: 0.02% 
2017-06-11 20:40:29.217194: Iter: 8000 [0], acc: 0.01% 
2017-06-11 20:42:34.240245: Iter: 9000 [0], acc: 0.01% 
2017-06-11 20:44:39.270491: Iter: 10000 [0], acc: 0.01% 
2017-06-11 20:44:39.270653: 
Testing validation
2017-06-11 20:47:46.782639: epoch: 0 Accuracy: 0.8786%,  i: 1500
2017-06-11 20:51:56.494605: Iter: 272000 [20], delta_weight_mean : 1.59266858e-06
2017-06-11 20:56:06.100346: Iter: 274000 [20], delta_weight_mean : 1.60283628e-06
2017-06-11 21:00:16.486584: Iter: 276000 [20], delta_weight_mean : 1.59446893e-06
2017-06-11 21:04:28.635177: Iter: 278000 [20], delta_weight_mean : 1.58772229e-06
2017-06-11 21:08:41.268930: Iter: 280000 [20], delta_weight_mean : 1.57847035e-06
2017-06-11 21:12:53.423726: Iter: 282000 [20], delta_weight_mean : 1.57836610e-06
2017-06-11 21:16:02.525632: plotting graph
2017-06-11 21:17:05.582262: Iter: 284000 [21], delta_weight_mean : 1.53396013e-06
2017-06-11 21:21:17.760699: Iter: 286000 [21], delta_weight_mean : 1.52508017e-06
2017-06-11 21:25:30.002782: Iter: 288000 [21], delta_weight_mean : 1.52353698e-06
2017-06-11 21:29:41.878638: Iter: 290000 [21], delta_weight_mean : 1.51448171e-06
2017-06-11 21:33:54.318387: Iter: 292000 [21], delta_weight_mean : 1.51287179e-06
2017-06-11 21:38:06.781806: Iter: 294000 [21], delta_weight_mean : 1.51039160e-06
2017-06-11 21:42:19.022761: Iter: 296000 [21], delta_weight_mean : 1.50015956e-06
2017-06-11 21:44:25.163674: plotting graph
2017-06-11 21:44:25.310108: Plotting weights...
2017-06-11 21:46:38.214345: Iter: 298000 [22], delta_weight_mean : 1.45467641e-06
2017-06-11 21:50:50.283066: Iter: 300000 [22], delta_weight_mean : 1.45729496e-06
2017-06-11 21:55:02.325977: Iter: 302000 [22], delta_weight_mean : 1.43992781e-06
2017-06-11 21:59:09.055063: Iter: 304000 [22], delta_weight_mean : 1.43234752e-06
2017-06-11 22:03:21.327769: Iter: 306000 [22], delta_weight_mean : 1.43147417e-06
2017-06-11 22:07:33.496110: Iter: 308000 [22], delta_weight_mean : 1.42381225e-06
2017-06-11 22:11:45.572610: Iter: 310000 [22], delta_weight_mean : 1.41389148e-06
2017-06-11 22:12:48.586716: plotting graph
2017-06-11 22:15:57.664373: Iter: 312000 [23], delta_weight_mean : 1.35724247e-06
2017-06-11 22:20:09.665899: Iter: 314000 [23], delta_weight_mean : 1.35042399e-06
2017-06-11 22:24:21.272856: Iter: 316000 [23], delta_weight_mean : 1.34931099e-06
2017-06-11 22:28:33.030900: Iter: 318000 [23], delta_weight_mean : 1.33807782e-06
2017-06-11 22:32:45.048066: Iter: 320000 [23], delta_weight_mean : 1.33214508e-06
2017-06-11 22:36:57.064039: Iter: 322000 [23], delta_weight_mean : 1.32447406e-06
2017-06-11 22:41:09.086286: Iter: 324000 [23], delta_weight_mean : 1.32367677e-06
2017-06-11 22:41:09.086484: plotting graph
2017-06-11 22:41:09.202634: Plotting weights...
2017-06-11 22:45:27.868826: Iter: 326000 [24], delta_weight_mean : 1.28806812e-06
2017-06-11 22:49:40.066308: Iter: 328000 [24], delta_weight_mean : 1.25798533e-06
2017-06-11 22:53:47.309425: Iter: 330000 [24], delta_weight_mean : 1.26002624e-06
2017-06-11 22:58:00.096819: Iter: 332000 [24], delta_weight_mean : 1.25836425e-06
2017-06-11 23:02:12.349597: Iter: 334000 [24], delta_weight_mean : 1.25606414e-06
2017-06-11 23:06:24.596049: Iter: 336000 [24], delta_weight_mean : 1.24725955e-06
2017-06-11 23:09:33.788574: plotting graph
2017-06-11 23:10:36.832807: Iter: 338000 [25], delta_weight_mean : 1.25217889e-06
2017-06-11 23:14:49.452400: Iter: 340000 [25], delta_weight_mean : 1.18759056e-06
2017-06-11 23:19:01.734620: Iter: 342000 [25], delta_weight_mean : 1.19256265e-06
2017-06-11 23:23:13.428984: Iter: 344000 [25], delta_weight_mean : 1.18588309e-06
2017-06-11 23:27:25.543834: Iter: 346000 [25], delta_weight_mean : 1.17972843e-06
2017-06-11 23:31:37.656490: Iter: 348000 [25], delta_weight_mean : 1.17540242e-06
2017-06-11 23:35:49.788916: Iter: 350000 [25], delta_weight_mean : 1.16698379e-06
2017-06-11 23:37:55.865558: plotting graph
2017-06-11 23:37:55.990709: Plotting weights...
2017-06-11 23:40:09.194999: Iter: 352000 [26], delta_weight_mean : 1.12837461e-06
2017-06-11 23:44:21.443581: Iter: 354000 [26], delta_weight_mean : 1.10160170e-06
2017-06-11 23:48:33.667029: Iter: 356000 [26], delta_weight_mean : 1.10602389e-06
2017-06-11 23:52:40.309306: Iter: 358000 [26], delta_weight_mean : 1.09604662e-06
2017-06-11 23:56:52.619744: Iter: 360000 [26], delta_weight_mean : 1.09347809e-06
2017-06-12 00:01:04.899683: Iter: 362000 [26], delta_weight_mean : 1.09071163e-06
2017-06-12 00:05:17.080046: Iter: 364000 [26], delta_weight_mean : 1.08365577e-06
2017-06-12 00:06:20.113102: plotting graph
2017-06-12 00:09:29.218011: Iter: 366000 [27], delta_weight_mean : 1.05433810e-06
2017-06-12 00:13:41.314097: Iter: 368000 [27], delta_weight_mean : 1.03785783e-06
2017-06-12 00:17:54.559040: Iter: 370000 [27], delta_weight_mean : 1.02952799e-06
2017-06-12 00:22:06.819264: Iter: 372000 [27], delta_weight_mean : 1.02083300e-06
2017-06-12 00:26:18.925341: Iter: 374000 [27], delta_weight_mean : 1.01547164e-06
2017-06-12 00:30:31.139789: Iter: 376000 [27], delta_weight_mean : 1.01068088e-06
2017-06-12 00:34:43.363034: Iter: 378000 [27], delta_weight_mean : 1.00560476e-06
2017-06-12 00:34:43.363202: plotting graph
2017-06-12 00:34:43.491745: Plotting weights...
2017-06-12 00:39:02.574516: Iter: 380000 [28], delta_weight_mean : 9.60746888e-07
2017-06-12 00:43:14.860835: Iter: 382000 [28], delta_weight_mean : 9.69647203e-07
2017-06-12 00:47:20.840226: Iter: 384000 [28], delta_weight_mean : 9.58466330e-07
2017-06-12 00:51:33.083939: Iter: 386000 [28], delta_weight_mean : 9.54297320e-07
2017-06-12 00:55:45.351900: Iter: 388000 [28], delta_weight_mean : 9.44741998e-07
2017-06-12 00:59:57.657005: Iter: 390000 [28], delta_weight_mean : 9.40647055e-07
2017-06-12 01:03:06.877798: plotting graph
2017-06-12 01:04:10.013820: Iter: 392000 [29], delta_weight_mean : 9.12289124e-07
2017-06-12 01:08:22.071560: Iter: 394000 [29], delta_weight_mean : 9.02624151e-07
2017-06-12 01:12:34.717818: Iter: 396000 [29], delta_weight_mean : 8.96857443e-07
2017-06-12 01:16:47.174372: Iter: 398000 [29], delta_weight_mean : 8.90271963e-07
2017-06-12 01:20:59.500370: Iter: 400000 [29], delta_weight_mean : 8.82438314e-07
2017-06-12 01:25:11.785223: Iter: 402000 [29], delta_weight_mean : 8.77273465e-07
2017-06-12 01:29:24.076741: Iter: 404000 [29], delta_weight_mean : 8.73908164e-07
2017-06-12 01:31:30.191852: plotting graph
2017-06-12 01:31:30.340463: Plotting weights...
2017-06-12 01:33:43.280859: Iter: 406000 [30], delta_weight_mean : 8.54799907e-07
2017-06-12 01:37:55.384159: Iter: 408000 [30], delta_weight_mean : 8.31901616e-07
2017-06-12 01:42:04.542323: Iter: 410000 [30], delta_weight_mean : 8.29571775e-07
2017-06-12 01:46:13.769394: Iter: 412000 [30], delta_weight_mean : 8.21500805e-07
2017-06-12 01:50:25.903303: Iter: 414000 [30], delta_weight_mean : 8.16194472e-07
2017-06-12 01:54:38.024426: Iter: 416000 [30], delta_weight_mean : 8.13573592e-07
2017-06-12 01:58:50.136575: Iter: 418000 [30], delta_weight_mean : 8.08359971e-07
2017-06-12 01:59:53.172780: plotting graph
2017-06-12 02:03:02.330950: Iter: 420000 [31], delta_weight_mean : 7.74352827e-07
2017-06-12 02:07:14.478164: Iter: 422000 [31], delta_weight_mean : 7.70510781e-07
2017-06-12 02:11:26.499234: Iter: 424000 [31], delta_weight_mean : 7.68580549e-07
2017-06-12 02:15:38.814489: Iter: 426000 [31], delta_weight_mean : 7.64859465e-07
2017-06-12 02:19:51.125377: Iter: 428000 [31], delta_weight_mean : 7.60402656e-07
2017-06-12 02:24:03.475887: Iter: 430000 [31], delta_weight_mean : 7.58046099e-07
2017-06-12 02:28:15.796906: Iter: 432000 [31], delta_weight_mean : 7.52361473e-07
2017-06-12 02:28:15.797078: plotting graph
2017-06-12 02:28:15.946246: Plotting weights...
2017-06-12 02:32:34.470873: Iter: 434000 [32], delta_weight_mean : 7.18641559e-07
2017-06-12 02:36:46.615390: Iter: 436000 [32], delta_weight_mean : 7.11469852e-07
2017-06-12 02:40:53.050679: Iter: 438000 [32], delta_weight_mean : 7.07625873e-07
2017-06-12 02:45:05.383455: Iter: 440000 [32], delta_weight_mean : 7.04786657e-07
2017-06-12 02:49:17.687394: Iter: 442000 [32], delta_weight_mean : 6.97731537e-07
2017-06-12 02:53:29.996674: Iter: 444000 [32], delta_weight_mean : 6.94222024e-07
2017-06-12 02:56:39.192763: plotting graph
2017-06-12 02:57:42.352954: Iter: 446000 [33], delta_weight_mean : 6.11416112e-07
2017-06-12 03:01:54.588485: Iter: 448000 [33], delta_weight_mean : 6.41879637e-07
2017-06-12 03:06:06.880820: Iter: 450000 [33], delta_weight_mean : 6.48985804e-07
2017-06-12 03:10:18.574494: Iter: 452000 [33], delta_weight_mean : 6.48659466e-07
2017-06-12 03:14:30.874732: Iter: 454000 [33], delta_weight_mean : 6.44879151e-07
2017-06-12 03:18:43.174848: Iter: 456000 [33], delta_weight_mean : 6.42636223e-07
2017-06-12 03:22:55.441134: Iter: 458000 [33], delta_weight_mean : 6.41070528e-07
2017-06-12 03:25:01.501153: plotting graph
2017-06-12 03:25:01.641383: Plotting weights...
2017-06-12 03:27:14.412173: Iter: 460000 [34], delta_weight_mean : 5.99442444e-07
2017-06-12 03:31:26.769797: Iter: 462000 [34], delta_weight_mean : 6.08069342e-07
2017-06-12 03:35:33.986678: Iter: 464000 [34], delta_weight_mean : 6.06203059e-07
2017-06-12 03:39:46.107322: Iter: 466000 [34], delta_weight_mean : 6.02213106e-07
2017-06-12 03:43:58.236538: Iter: 468000 [34], delta_weight_mean : 6.01962597e-07
2017-06-12 03:48:10.408601: Iter: 470000 [34], delta_weight_mean : 5.97534324e-07
2017-06-12 03:52:22.563327: Iter: 472000 [34], delta_weight_mean : 5.92962692e-07
2017-06-12 03:53:25.594089: plotting graph
2017-06-12 03:56:34.675397: Iter: 474000 [35], delta_weight_mean : 5.62395314e-07
2017-06-12 04:00:46.786712: Iter: 476000 [35], delta_weight_mean : 5.67321592e-07
2017-06-12 04:04:58.594629: Iter: 478000 [35], delta_weight_mean : 5.64333220e-07
2017-06-12 04:09:10.764091: Iter: 480000 [35], delta_weight_mean : 5.56015323e-07
2017-06-12 04:13:23.070447: Iter: 482000 [35], delta_weight_mean : 5.52019287e-07
2017-06-12 04:17:35.393677: Iter: 484000 [35], delta_weight_mean : 5.48689911e-07
2017-06-12 04:21:47.558414: Iter: 486000 [35], delta_weight_mean : 5.43429962e-07
2017-06-12 04:21:47.558613: plotting graph
2017-06-12 04:21:47.679353: Plotting weights...
2017-06-12 04:26:07.058524: Iter: 488000 [36], delta_weight_mean : 5.12623615e-07
2017-06-12 04:30:19.291063: Iter: 490000 [36], delta_weight_mean : 5.13828468e-07
2017-06-12 04:34:26.276531: Iter: 492000 [36], delta_weight_mean : 5.06712126e-07
2017-06-12 04:38:38.461645: Iter: 494000 [36], delta_weight_mean : 5.09965105e-07
2017-06-12 04:42:50.544294: Iter: 496000 [36], delta_weight_mean : 5.07833647e-07
2017-06-12 04:47:02.604157: Iter: 498000 [36], delta_weight_mean : 5.06848721e-07
2017-06-12 04:50:11.668535: plotting graph
2017-06-12 04:51:14.694996: Iter: 500000 [37], delta_weight_mean : 4.94155358e-07
2017-06-12 04:55:26.787956: Iter: 502000 [37], delta_weight_mean : 4.90990999e-07
2017-06-12 04:59:38.901961: Iter: 504000 [37], delta_weight_mean : 4.87533327e-07
2017-06-12 05:03:50.360927: Iter: 506000 [37], delta_weight_mean : 4.84023985e-07
2017-06-12 05:08:02.576010: Iter: 508000 [37], delta_weight_mean : 4.76929813e-07
2017-06-12 05:12:14.819947: Iter: 510000 [37], delta_weight_mean : 4.73915520e-07
2017-06-12 05:16:26.900787: Iter: 512000 [37], delta_weight_mean : 4.72834415e-07
2017-06-12 05:18:32.943599: plotting graph
2017-06-12 05:18:33.067850: Plotting weights...
2017-06-12 05:20:45.859434: Iter: 514000 [38], delta_weight_mean : 4.54389209e-07
2017-06-12 05:24:58.235018: Iter: 516000 [38], delta_weight_mean : 4.44094383e-07
2017-06-12 05:29:04.726650: Iter: 518000 [38], delta_weight_mean : 4.42901523e-07
2017-06-12 05:33:16.933949: Iter: 520000 [38], delta_weight_mean : 4.39980710e-07
2017-06-12 05:37:29.082038: Iter: 522000 [38], delta_weight_mean : 4.40374322e-07
2017-06-12 05:41:41.241378: Iter: 524000 [38], delta_weight_mean : 4.38810019e-07
2017-06-12 05:45:53.379694: Iter: 526000 [38], delta_weight_mean : 4.37284882e-07
2017-06-12 05:46:56.396303: plotting graph
2017-06-12 05:50:04.929628: Iter: 528000 [39], delta_weight_mean : 4.25050729e-07
2017-06-12 05:54:16.999254: Iter: 530000 [39], delta_weight_mean : 4.23622652e-07
2017-06-12 05:58:28.036177: Iter: 532000 [39], delta_weight_mean : 4.17117320e-07
2017-06-12 06:02:37.243893: Iter: 534000 [39], delta_weight_mean : 4.11494284e-07
2017-06-12 06:06:46.419728: Iter: 536000 [39], delta_weight_mean : 4.08568638e-07
2017-06-12 06:10:57.329524: Iter: 538000 [39], delta_weight_mean : 4.04914914e-07
2017-06-12 06:15:09.425963: Iter: 540000 [39], delta_weight_mean : 4.02561909e-07
2017-06-12 06:15:09.426123: plotting graph
2017-06-12 06:15:09.549359: Plotting weights...
2017-06-12 06:15:16.157699: testing validation set
2017-06-12 06:15:16.157772: training count classifer
2017-06-12 06:17:21.093130: Iter: 1000 [0], acc: 0.01% 
2017-06-12 06:19:25.993211: Iter: 2000 [0], acc: 0.02% 
2017-06-12 06:21:30.879489: Iter: 3000 [0], acc: 0.01% 
2017-06-12 06:23:35.775713: Iter: 4000 [0], acc: 0.02% 
2017-06-12 06:25:34.735825: Iter: 5000 [0], acc: 0.01% 
2017-06-12 06:27:39.793009: Iter: 6000 [0], acc: 0.01% 
2017-06-12 06:29:44.859035: Iter: 7000 [0], acc: 0.01% 
2017-06-12 06:31:49.941938: Iter: 8000 [0], acc: 0.01% 
2017-06-12 06:33:55.010334: Iter: 9000 [0], acc: 0.01% 
2017-06-12 06:36:00.059703: Iter: 10000 [0], acc: 0.01% 
2017-06-12 06:36:00.059877: 
Testing validation
2017-06-12 06:39:07.566552: epoch: 0 Accuracy: 0.8948%,  i: 1500
2017-06-12 06:43:17.156472: Iter: 542000 [40], delta_weight_mean : 3.85156426e-07
2017-06-12 06:47:26.777804: Iter: 544000 [40], delta_weight_mean : 3.85239105e-07
2017-06-12 06:51:37.500020: Iter: 546000 [40], delta_weight_mean : 3.87393101e-07
2017-06-12 06:55:49.552250: Iter: 548000 [40], delta_weight_mean : 3.84000458e-07
2017-06-12 07:00:01.587703: Iter: 550000 [40], delta_weight_mean : 3.81214136e-07
2017-06-12 07:04:13.630801: Iter: 552000 [40], delta_weight_mean : 3.77883993e-07
2017-06-12 07:07:22.690654: plotting graph
2017-06-12 07:08:25.302383: Iter: 554000 [41], delta_weight_mean : 3.52994107e-07
2017-06-12 07:12:37.302739: Iter: 556000 [41], delta_weight_mean : 3.70694096e-07
2017-06-12 07:16:49.333211: Iter: 558000 [41], delta_weight_mean : 3.60058863e-07
2017-06-12 07:21:01.307375: Iter: 560000 [41], delta_weight_mean : 3.56755834e-07
2017-06-12 07:25:13.390304: Iter: 562000 [41], delta_weight_mean : 3.54168776e-07
2017-06-12 07:29:25.467846: Iter: 564000 [41], delta_weight_mean : 3.50788241e-07
2017-06-12 07:33:37.550249: Iter: 566000 [41], delta_weight_mean : 3.49653874e-07
2017-06-12 07:35:43.583815: plotting graph
2017-06-12 07:35:43.715129: Plotting weights...
2017-06-12 07:37:56.412253: Iter: 568000 [42], delta_weight_mean : 3.27282919e-07
2017-06-12 07:42:08.445595: Iter: 570000 [42], delta_weight_mean : 3.33721289e-07
2017-06-12 07:46:14.572112: Iter: 572000 [42], delta_weight_mean : 3.34115242e-07
2017-06-12 07:50:24.347872: Iter: 574000 [42], delta_weight_mean : 3.31409638e-07
2017-06-12 07:54:36.755347: Iter: 576000 [42], delta_weight_mean : 3.28953178e-07
2017-06-12 07:58:48.931356: Iter: 578000 [42], delta_weight_mean : 3.27307106e-07
2017-06-12 08:03:01.121424: Iter: 580000 [42], delta_weight_mean : 3.25814398e-07
2017-06-12 08:04:04.166940: plotting graph
2017-06-12 08:07:12.637934: Iter: 582000 [43], delta_weight_mean : 3.07142528e-07
2017-06-12 08:11:24.698253: Iter: 584000 [43], delta_weight_mean : 3.11662916e-07
2017-06-12 08:15:36.680851: Iter: 586000 [43], delta_weight_mean : 3.08021271e-07
2017-06-12 08:19:48.894771: Iter: 588000 [43], delta_weight_mean : 3.08087237e-07
2017-06-12 08:24:01.059227: Iter: 590000 [43], delta_weight_mean : 3.06684797e-07
2017-06-12 08:28:13.238096: Iter: 592000 [43], delta_weight_mean : 3.05951488e-07
2017-06-12 08:32:25.406620: Iter: 594000 [43], delta_weight_mean : 3.02606225e-07
2017-06-12 08:32:25.406829: plotting graph
2017-06-12 08:32:25.539159: Plotting weights...
2017-06-12 08:36:41.376997: Iter: 596000 [44], delta_weight_mean : 2.86423614e-07
2017-06-12 08:40:50.894387: Iter: 598000 [44], delta_weight_mean : 2.88542168e-07
2017-06-12 08:44:57.213102: Iter: 600000 [44], delta_weight_mean : 2.84815314e-07
2017-06-12 08:49:09.230963: Iter: 602000 [44], delta_weight_mean : 2.82537798e-07
2017-06-12 08:53:21.236877: Iter: 604000 [44], delta_weight_mean : 2.81666814e-07
2017-06-12 08:57:33.251941: Iter: 606000 [44], delta_weight_mean : 2.81482755e-07
2017-06-12 09:00:42.265088: plotting graph
2017-06-12 09:01:45.219570: Iter: 608000 [45], delta_weight_mean : 2.55096296e-07
2017-06-12 09:05:57.212990: Iter: 610000 [45], delta_weight_mean : 2.83057204e-07
2017-06-12 09:10:09.217170: Iter: 612000 [45], delta_weight_mean : 2.76034626e-07
2017-06-12 09:14:24.747617: Iter: 614000 [45], delta_weight_mean : 2.73525046e-07
2017-06-12 09:18:37.071868: Iter: 616000 [45], delta_weight_mean : 2.73220621e-07
2017-06-12 09:22:49.083214: Iter: 618000 [45], delta_weight_mean : 2.71190828e-07
2017-06-12 09:27:01.106768: Iter: 620000 [45], delta_weight_mean : 2.68181253e-07
2017-06-12 09:29:07.114077: plotting graph
2017-06-12 09:29:07.244803: Plotting weights...
2017-06-12 09:31:19.740351: Iter: 622000 [46], delta_weight_mean : 2.43434641e-07
2017-06-12 09:35:31.785693: Iter: 624000 [46], delta_weight_mean : 2.47609989e-07
2017-06-12 09:39:38.322056: Iter: 626000 [46], delta_weight_mean : 2.50310364e-07
2017-06-12 09:43:50.381124: Iter: 628000 [46], delta_weight_mean : 2.50089926e-07
2017-06-12 09:48:02.445971: Iter: 630000 [46], delta_weight_mean : 2.49082689e-07
2017-06-12 09:52:14.509892: Iter: 632000 [46], delta_weight_mean : 2.48210938e-07
2017-06-12 09:56:26.563971: Iter: 634000 [46], delta_weight_mean : 2.47212455e-07
2017-06-12 09:57:29.580915: plotting graph
2017-06-12 10:00:36.611298: Iter: 636000 [47], delta_weight_mean : 2.41590527e-07
2017-06-12 10:04:48.072523: Iter: 638000 [47], delta_weight_mean : 2.39309259e-07
2017-06-12 10:08:58.913575: Iter: 640000 [47], delta_weight_mean : 2.35784881e-07
2017-06-12 10:13:08.198675: Iter: 642000 [47], delta_weight_mean : 2.36857161e-07
2017-06-12 10:17:17.840162: Iter: 644000 [47], delta_weight_mean : 2.34549077e-07
2017-06-12 10:21:29.907707: Iter: 646000 [47], delta_weight_mean : 2.33185048e-07
2017-06-12 10:25:41.973374: Iter: 648000 [47], delta_weight_mean : 2.32525892e-07
2017-06-12 10:25:41.973546: plotting graph
2017-06-12 10:25:42.092448: Plotting weights...
2017-06-12 10:30:00.134220: Iter: 650000 [48], delta_weight_mean : 2.25719418e-07
2017-06-12 10:34:12.358290: Iter: 652000 [48], delta_weight_mean : 2.25894240e-07
2017-06-12 10:38:18.868946: Iter: 654000 [48], delta_weight_mean : 2.22745882e-07
2017-06-12 10:42:30.871118: Iter: 656000 [48], delta_weight_mean : 2.22570819e-07
2017-06-12 10:46:42.865446: Iter: 658000 [48], delta_weight_mean : 2.20650577e-07
2017-06-12 10:50:54.861238: Iter: 660000 [48], delta_weight_mean : 2.18873012e-07
2017-06-12 10:54:03.861238: plotting graph
2017-06-12 10:55:06.295235: Iter: 662000 [49], delta_weight_mean : 2.17068944e-07
2017-06-12 10:59:17.964033: Iter: 664000 [49], delta_weight_mean : 2.12235420e-07
2017-06-12 11:03:29.964080: Iter: 666000 [49], delta_weight_mean : 2.11983505e-07
2017-06-12 11:07:40.628651: Iter: 668000 [49], delta_weight_mean : 2.09382179e-07
2017-06-12 11:11:52.506234: Iter: 670000 [49], delta_weight_mean : 2.07705014e-07
2017-06-12 11:16:04.332724: Iter: 672000 [49], delta_weight_mean : 2.06712414e-07
2017-06-12 11:20:16.141818: Iter: 674000 [49], delta_weight_mean : 2.06815102e-07
2017-06-12 11:22:22.026591: plotting graph
2017-06-12 11:22:22.141039: Plotting weights...
2017-06-12 11:24:33.162229: Iter: 676000 [50], delta_weight_mean : 1.95853005e-07
2017-06-12 11:28:44.901429: Iter: 678000 [50], delta_weight_mean : 1.95116698e-07
2017-06-12 11:32:50.929443: Iter: 680000 [50], delta_weight_mean : 1.97349650e-07
2017-06-12 11:37:00.636278: Iter: 682000 [50], delta_weight_mean : 1.95202574e-07
2017-06-12 11:41:12.669836: Iter: 684000 [50], delta_weight_mean : 1.95056359e-07
2017-06-12 11:45:24.675807: Iter: 686000 [50], delta_weight_mean : 1.93883324e-07
2017-06-12 11:49:36.691972: Iter: 688000 [50], delta_weight_mean : 1.94074715e-07
2017-06-12 11:50:39.693656: plotting graph
2017-06-12 11:53:46.673307: Iter: 690000 [51], delta_weight_mean : 1.83840200e-07
2017-06-12 11:57:58.430301: Iter: 692000 [51], delta_weight_mean : 1.87616934e-07
2017-06-12 12:02:09.607060: Iter: 694000 [51], delta_weight_mean : 1.86142231e-07
2017-06-12 12:06:21.599858: Iter: 696000 [51], delta_weight_mean : 1.85342770e-07
2017-06-12 12:10:33.673943: Iter: 698000 [51], delta_weight_mean : 1.84559170e-07
2017-06-12 12:14:45.788856: Iter: 700000 [51], delta_weight_mean : 1.85134311e-07
2017-06-12 12:18:57.974769: Iter: 702000 [51], delta_weight_mean : 1.84466217e-07
2017-06-12 12:18:57.974937: plotting graph
2017-06-12 12:18:58.097959: Plotting weights...
2017-06-12 12:23:15.697101: Iter: 704000 [52], delta_weight_mean : 1.80408861e-07
2017-06-12 12:27:27.585783: Iter: 706000 [52], delta_weight_mean : 1.80943275e-07
2017-06-12 12:31:34.225676: Iter: 708000 [52], delta_weight_mean : 1.79016638e-07
2017-06-12 12:35:46.217643: Iter: 710000 [52], delta_weight_mean : 1.78126172e-07
2017-06-12 12:39:58.334421: Iter: 712000 [52], delta_weight_mean : 1.77638569e-07
2017-06-12 12:44:10.287684: Iter: 714000 [52], delta_weight_mean : 1.77002434e-07
2017-06-12 12:47:19.228375: plotting graph
2017-06-12 12:48:21.646038: Iter: 716000 [53], delta_weight_mean : 1.72416208e-07
2017-06-12 12:52:32.891426: Iter: 718000 [53], delta_weight_mean : 1.70554728e-07
2017-06-12 12:56:44.768108: Iter: 720000 [53], delta_weight_mean : 1.68632710e-07
2017-06-12 13:00:55.224968: Iter: 722000 [53], delta_weight_mean : 1.68978545e-07
2017-06-12 13:05:07.142467: Iter: 724000 [53], delta_weight_mean : 1.67857209e-07
2017-06-12 13:09:19.066774: Iter: 726000 [53], delta_weight_mean : 1.67175656e-07
2017-06-12 13:13:30.993580: Iter: 728000 [53], delta_weight_mean : 1.66989096e-07
2017-06-12 13:15:36.965932: plotting graph
2017-06-12 13:15:37.082658: Plotting weights...
2017-06-12 13:17:49.105035: Iter: 730000 [54], delta_weight_mean : 1.61183721e-07
2017-06-12 13:22:00.885598: Iter: 732000 [54], delta_weight_mean : 1.60556468e-07
2017-06-12 13:26:06.808194: Iter: 734000 [54], delta_weight_mean : 1.61843801e-07
2017-06-12 13:30:16.814598: Iter: 736000 [54], delta_weight_mean : 1.61096821e-07
2017-06-12 13:34:28.624262: Iter: 738000 [54], delta_weight_mean : 1.60812846e-07
2017-06-12 13:38:40.405569: Iter: 740000 [54], delta_weight_mean : 1.59435515e-07
2017-06-12 13:42:54.000193: Iter: 742000 [54], delta_weight_mean : 1.58612792e-07
2017-06-12 13:43:57.967413: plotting graph
2017-06-12 13:47:04.985288: Iter: 744000 [55], delta_weight_mean : 1.47316698e-07
2017-06-12 13:51:16.641586: Iter: 746000 [55], delta_weight_mean : 1.52578679e-07
2017-06-12 13:55:27.131173: Iter: 748000 [55], delta_weight_mean : 1.52908640e-07
2017-06-12 13:59:38.720420: Iter: 750000 [55], delta_weight_mean : 1.51045271e-07
2017-06-12 14:03:52.937054: Iter: 752000 [55], delta_weight_mean : 1.51233991e-07
2017-06-12 14:08:04.941674: Iter: 754000 [55], delta_weight_mean : 1.50583219e-07
2017-06-12 14:12:16.869729: Iter: 756000 [55], delta_weight_mean : 1.50152928e-07
2017-06-12 14:12:16.869893: plotting graph
2017-06-12 14:12:16.983216: Plotting weights...
2017-06-12 14:16:35.110873: Iter: 758000 [56], delta_weight_mean : 1.46086165e-07
2017-06-12 14:20:47.067647: Iter: 760000 [56], delta_weight_mean : 1.45842179e-07
2017-06-12 14:24:53.550061: Iter: 762000 [56], delta_weight_mean : 1.45312015e-07
2017-06-12 14:29:05.416646: Iter: 764000 [56], delta_weight_mean : 1.45217825e-07
2017-06-12 14:33:17.417648: Iter: 766000 [56], delta_weight_mean : 1.44201380e-07
2017-06-12 14:37:29.344739: Iter: 768000 [56], delta_weight_mean : 1.43998093e-07
2017-06-12 14:40:38.280196: plotting graph
2017-06-12 14:41:41.122904: Iter: 770000 [57], delta_weight_mean : 1.44982579e-07
2017-06-12 14:45:56.257479: Iter: 772000 [57], delta_weight_mean : 1.38005632e-07
2017-06-12 14:50:09.196526: Iter: 774000 [57], delta_weight_mean : 1.37809351e-07
2017-06-12 14:54:21.737784: Iter: 776000 [57], delta_weight_mean : 1.38990274e-07
2017-06-12 14:58:37.514827: Iter: 778000 [57], delta_weight_mean : 1.38729177e-07
2017-06-12 15:02:51.801363: Iter: 780000 [57], delta_weight_mean : 1.38306532e-07
2017-06-12 15:07:06.730341: Iter: 782000 [57], delta_weight_mean : 1.37922783e-07
2017-06-12 15:09:13.481102: plotting graph
2017-06-12 15:09:13.605370: Plotting weights...
2017-06-12 15:11:27.428190: Iter: 784000 [58], delta_weight_mean : 1.38489298e-07
2017-06-12 15:15:44.037631: Iter: 786000 [58], delta_weight_mean : 1.33495234e-07
2017-06-12 15:19:51.671828: Iter: 788000 [58], delta_weight_mean : 1.33177167e-07
2017-06-12 15:24:05.535048: Iter: 790000 [58], delta_weight_mean : 1.32696826e-07
2017-06-12 15:28:20.666524: Iter: 792000 [58], delta_weight_mean : 1.32599709e-07
2017-06-12 15:32:35.775766: Iter: 794000 [58], delta_weight_mean : 1.31684715e-07
2017-06-12 15:36:50.449451: Iter: 796000 [58], delta_weight_mean : 1.31068248e-07
2017-06-12 15:37:53.898590: plotting graph
2017-06-12 15:41:04.651769: Iter: 798000 [59], delta_weight_mean : 1.22246561e-07
2017-06-12 15:45:18.458562: Iter: 800000 [59], delta_weight_mean : 1.26105505e-07
2017-06-12 15:49:30.919106: Iter: 802000 [59], delta_weight_mean : 1.27469448e-07
2017-06-12 15:53:44.866730: Iter: 804000 [59], delta_weight_mean : 1.26911161e-07
2017-06-12 15:57:58.879601: Iter: 806000 [59], delta_weight_mean : 1.26990543e-07
2017-06-12 16:02:12.709468: Iter: 808000 [59], delta_weight_mean : 1.26768398e-07
2017-06-12 16:06:26.530689: Iter: 810000 [59], delta_weight_mean : 1.25501984e-07
2017-06-12 16:06:26.530885: plotting graph
2017-06-12 16:06:26.647445: Plotting weights...
2017-06-12 16:06:32.992103: testing validation set
2017-06-12 16:06:32.992161: training count classifer
2017-06-12 16:08:38.798332: Iter: 1000 [0], acc: 0.01% 
2017-06-12 16:10:44.582021: Iter: 2000 [0], acc: 0.01% 
2017-06-12 16:12:50.362082: Iter: 3000 [0], acc: 0.01% 
2017-06-12 16:14:55.739659: Iter: 4000 [0], acc: 0.02% 
2017-06-12 16:16:54.360593: Iter: 5000 [0], acc: 0.01% 
2017-06-12 16:18:58.222565: Iter: 6000 [0], acc: 0.01% 
2017-06-12 16:21:03.134813: Iter: 7000 [0], acc: 0.01% 
2017-06-12 16:23:08.231659: Iter: 8000 [0], acc: 0.01% 
2017-06-12 16:25:13.333261: Iter: 9000 [0], acc: 0.01% 
2017-06-12 16:27:18.440256: Iter: 10000 [0], acc: 0.01% 
2017-06-12 16:27:18.440427: 
Testing validation
2017-06-12 16:30:26.032771: epoch: 0 Accuracy: 0.9141%,  i: 1500
2017-06-12 16:34:35.910790: Iter: 812000 [60], delta_weight_mean : 1.22362124e-07
2017-06-12 16:38:45.753942: Iter: 814000 [60], delta_weight_mean : 1.21869064e-07
2017-06-12 16:42:57.392187: Iter: 816000 [60], delta_weight_mean : 1.21158450e-07
2017-06-12 16:47:09.530873: Iter: 818000 [60], delta_weight_mean : 1.22109924e-07
2017-06-12 16:51:21.708405: Iter: 820000 [60], delta_weight_mean : 1.21425018e-07
2017-06-12 16:55:34.881649: Iter: 822000 [60], delta_weight_mean : 1.21002827e-07
2017-06-12 16:58:47.039725: plotting graph
2017-06-12 16:59:49.529564: Iter: 824000 [61], delta_weight_mean : 1.14437441e-07
2017-06-12 17:04:00.796924: Iter: 826000 [61], delta_weight_mean : 1.18088863e-07
2017-06-12 17:08:12.761011: Iter: 828000 [61], delta_weight_mean : 1.15517608e-07
2017-06-12 17:12:23.854023: Iter: 830000 [61], delta_weight_mean : 1.16226225e-07
2017-06-12 17:16:35.369257: Iter: 832000 [61], delta_weight_mean : 1.16194094e-07
2017-06-12 17:20:47.434495: Iter: 834000 [61], delta_weight_mean : 1.15731112e-07
2017-06-12 17:25:00.224249: Iter: 836000 [61], delta_weight_mean : 1.15720390e-07
2017-06-12 17:27:07.072468: plotting graph
2017-06-12 17:27:07.189716: Plotting weights...
2017-06-12 17:29:18.763186: Iter: 838000 [62], delta_weight_mean : 1.22517278e-07
2017-06-12 17:33:31.491672: Iter: 840000 [62], delta_weight_mean : 1.15698903e-07
2017-06-12 17:37:38.345826: Iter: 842000 [62], delta_weight_mean : 1.14360233e-07
2017-06-12 17:41:50.463823: Iter: 844000 [62], delta_weight_mean : 1.13378427e-07
2017-06-12 17:46:02.442907: Iter: 846000 [62], delta_weight_mean : 1.12224356e-07
2017-06-12 17:50:15.501733: Iter: 848000 [62], delta_weight_mean : 1.11839832e-07
2017-06-12 17:54:27.957720: Iter: 850000 [62], delta_weight_mean : 1.12216114e-07
2017-06-12 17:55:30.951614: plotting graph
2017-06-12 17:58:38.899949: Iter: 852000 [63], delta_weight_mean : 1.08911294e-07
2017-06-12 18:02:51.344462: Iter: 854000 [63], delta_weight_mean : 1.10165601e-07
2017-06-12 18:07:01.776500: Iter: 856000 [63], delta_weight_mean : 1.08070608e-07
2017-06-12 18:11:11.340523: Iter: 858000 [63], delta_weight_mean : 1.08033511e-07
2017-06-12 18:15:24.072822: Iter: 860000 [63], delta_weight_mean : 1.07801505e-07
2017-06-12 18:19:39.594000: Iter: 862000 [63], delta_weight_mean : 1.07212905e-07
2017-06-12 18:23:54.486008: Iter: 864000 [63], delta_weight_mean : 1.07206048e-07
2017-06-12 18:23:54.486183: plotting graph
2017-06-12 18:23:54.606726: Plotting weights...
2017-06-12 18:28:15.209828: Iter: 866000 [64], delta_weight_mean : 1.04524744e-07
2017-06-12 18:32:27.926065: Iter: 868000 [64], delta_weight_mean : 1.04874324e-07
2017-06-12 18:36:34.585954: Iter: 870000 [64], delta_weight_mean : 1.03774745e-07
2017-06-12 18:40:46.599699: Iter: 872000 [64], delta_weight_mean : 1.03812226e-07
2017-06-12 18:45:01.503968: Iter: 874000 [64], delta_weight_mean : 1.03930603e-07
2017-06-12 18:49:17.231011: Iter: 876000 [64], delta_weight_mean : 1.03711791e-07
2017-06-12 18:52:28.268625: plotting graph
2017-06-12 18:53:31.455143: Iter: 878000 [65], delta_weight_mean : 1.01814649e-07
2017-06-12 18:57:46.176350: Iter: 880000 [65], delta_weight_mean : 9.98951251e-08
2017-06-12 19:02:00.623601: Iter: 882000 [65], delta_weight_mean : 1.00222167e-07
2017-06-12 19:06:14.392321: Iter: 884000 [65], delta_weight_mean : 1.00427194e-07
2017-06-12 19:10:27.983788: Iter: 886000 [65], delta_weight_mean : 9.99336791e-08
2017-06-12 19:14:41.613479: Iter: 888000 [65], delta_weight_mean : 9.96412410e-08
2017-06-12 19:18:56.847688: Iter: 890000 [65], delta_weight_mean : 9.99149705e-08
2017-06-12 19:21:04.501504: plotting graph
2017-06-12 19:21:04.625353: Plotting weights...
2017-06-12 19:23:17.238537: Iter: 892000 [66], delta_weight_mean : 9.79918298e-08
2017-06-12 19:27:31.065911: Iter: 894000 [66], delta_weight_mean : 9.76972885e-08
2017-06-12 19:31:40.348393: Iter: 896000 [66], delta_weight_mean : 9.73625376e-08
2017-06-12 19:35:55.155213: Iter: 898000 [66], delta_weight_mean : 9.77181145e-08
2017-06-12 19:40:10.105432: Iter: 900000 [66], delta_weight_mean : 9.68381286e-08
2017-06-12 19:44:23.999552: Iter: 902000 [66], delta_weight_mean : 9.68095648e-08
2017-06-12 19:48:38.299266: Iter: 904000 [66], delta_weight_mean : 9.64461648e-08
2017-06-12 19:49:42.515627: plotting graph
2017-06-12 19:52:49.981319: Iter: 906000 [67], delta_weight_mean : 9.29637878e-08
2017-06-12 19:57:01.229643: Iter: 908000 [67], delta_weight_mean : 9.45676533e-08
2017-06-12 20:01:13.811847: Iter: 910000 [67], delta_weight_mean : 9.45183629e-08
2017-06-12 20:05:26.049005: Iter: 912000 [67], delta_weight_mean : 9.44419369e-08
2017-06-12 20:09:38.390390: Iter: 914000 [67], delta_weight_mean : 9.39901881e-08
2017-06-12 20:13:50.679127: Iter: 916000 [67], delta_weight_mean : 9.35791391e-08
2017-06-12 20:18:03.179992: Iter: 918000 [67], delta_weight_mean : 9.29882233e-08
2017-06-12 20:18:03.180175: plotting graph
2017-06-12 20:18:03.306288: Plotting weights...
2017-06-12 20:22:22.732637: Iter: 920000 [68], delta_weight_mean : 9.33014022e-08
2017-06-12 20:26:35.307764: Iter: 922000 [68], delta_weight_mean : 9.23359877e-08
2017-06-12 20:30:42.210560: Iter: 924000 [68], delta_weight_mean : 9.16055214e-08
2017-06-12 20:34:54.881881: Iter: 926000 [68], delta_weight_mean : 9.12544493e-08
2017-06-12 20:39:07.348781: Iter: 928000 [68], delta_weight_mean : 9.01829296e-08
2017-06-12 20:43:19.825513: Iter: 930000 [68], delta_weight_mean : 9.06724296e-08
2017-06-12 20:46:28.976597: plotting graph
2017-06-12 20:47:31.435267: Iter: 932000 [69], delta_weight_mean : 8.42512122e-08
2017-06-12 20:51:41.984648: Iter: 934000 [69], delta_weight_mean : 8.70667733e-08
2017-06-12 20:55:53.382246: Iter: 936000 [69], delta_weight_mean : 8.77064750e-08
2017-06-12 21:00:03.077636: Iter: 938000 [69], delta_weight_mean : 8.71877219e-08
2017-06-12 21:04:15.095577: Iter: 940000 [69], delta_weight_mean : 8.71003678e-08
2017-06-12 21:08:27.080726: Iter: 942000 [69], delta_weight_mean : 8.72708554e-08
2017-06-12 21:12:39.080523: Iter: 944000 [69], delta_weight_mean : 8.74516815e-08
2017-06-12 21:14:45.073618: plotting graph
2017-06-12 21:14:45.188909: Plotting weights...
2017-06-12 21:16:57.078328: Iter: 946000 [70], delta_weight_mean : 8.71625900e-08
2017-06-12 21:21:10.808628: Iter: 948000 [70], delta_weight_mean : 8.68114967e-08
2017-06-12 21:25:17.047921: Iter: 950000 [70], delta_weight_mean : 8.56481108e-08
2017-06-12 21:29:29.088169: Iter: 952000 [70], delta_weight_mean : 8.62953016e-08
2017-06-12 21:33:41.207639: Iter: 954000 [70], delta_weight_mean : 8.59011138e-08
2017-06-12 21:37:53.183457: Iter: 956000 [70], delta_weight_mean : 8.61379164e-08
2017-06-12 21:42:05.138248: Iter: 958000 [70], delta_weight_mean : 8.56043627e-08
2017-06-12 21:43:08.128031: plotting graph
2017-06-12 21:46:15.578128: Iter: 960000 [71], delta_weight_mean : 8.52340705e-08
2017-06-12 21:50:27.537004: Iter: 962000 [71], delta_weight_mean : 8.38499616e-08
2017-06-12 21:54:37.587456: Iter: 964000 [71], delta_weight_mean : 8.37757810e-08
2017-06-12 21:58:48.607800: Iter: 966000 [71], delta_weight_mean : 8.31943225e-08
2017-06-12 22:03:00.617712: Iter: 968000 [71], delta_weight_mean : 8.28995965e-08
2017-06-12 22:07:12.560808: Iter: 970000 [71], delta_weight_mean : 8.26475528e-08
2017-06-12 22:11:24.565896: Iter: 972000 [71], delta_weight_mean : 8.21061832e-08
2017-06-12 22:11:24.566073: plotting graph
2017-06-12 22:11:24.687196: Plotting weights...
2017-06-12 22:15:41.636070: Iter: 974000 [72], delta_weight_mean : 8.01247992e-08
2017-06-12 22:19:51.464851: Iter: 976000 [72], delta_weight_mean : 8.16795591e-08
2017-06-12 22:23:57.890131: Iter: 978000 [72], delta_weight_mean : 8.16712742e-08
2017-06-12 22:28:09.345347: Iter: 980000 [72], delta_weight_mean : 8.08705920e-08
2017-06-12 22:32:21.384076: Iter: 982000 [72], delta_weight_mean : 8.07055400e-08
2017-06-12 22:36:33.411816: Iter: 984000 [72], delta_weight_mean : 8.05655631e-08
2017-06-12 22:39:42.415132: plotting graph
2017-06-12 22:40:45.155877: Iter: 986000 [73], delta_weight_mean : 8.25772162e-08
2017-06-12 22:44:57.143674: Iter: 988000 [73], delta_weight_mean : 8.00757860e-08
2017-06-12 22:49:08.462436: Iter: 990000 [73], delta_weight_mean : 7.88085543e-08
2017-06-12 22:53:17.799577: Iter: 992000 [73], delta_weight_mean : 7.81941409e-08
2017-06-12 22:57:29.782743: Iter: 994000 [73], delta_weight_mean : 7.76589246e-08
2017-06-12 23:01:41.781790: Iter: 996000 [73], delta_weight_mean : 7.78473535e-08
2017-06-12 23:05:53.810486: Iter: 998000 [73], delta_weight_mean : 7.78596885e-08
2017-06-12 23:08:00.963662: plotting graph
2017-06-12 23:08:01.097564: Plotting weights...
2017-06-12 23:10:13.972269: Iter: 1000000 [74], delta_weight_mean : 7.98174966e-08
2017-06-12 23:14:26.712914: Iter: 1002000 [74], delta_weight_mean : 7.73082647e-08
2017-06-12 23:18:32.660042: Iter: 1004000 [74], delta_weight_mean : 7.77584432e-08
2017-06-12 23:22:46.857982: Iter: 1006000 [74], delta_weight_mean : 7.75753932e-08
2017-06-12 23:27:01.622526: Iter: 1008000 [74], delta_weight_mean : 7.70235289e-08
2017-06-12 23:31:16.383054: Iter: 1010000 [74], delta_weight_mean : 7.70844295e-08
2017-06-12 23:35:32.411883: Iter: 1012000 [74], delta_weight_mean : 7.65560344e-08
2017-06-12 23:36:36.742939: plotting graph
2017-06-12 23:39:50.715250: Iter: 1014000 [75], delta_weight_mean : 7.76419782e-08
2017-06-12 23:44:09.123836: Iter: 1016000 [75], delta_weight_mean : 7.65668418e-08
2017-06-12 23:48:27.362339: Iter: 1018000 [75], delta_weight_mean : 7.55612888e-08
2017-06-12 23:52:45.440072: Iter: 1020000 [75], delta_weight_mean : 7.49217222e-08
2017-06-12 23:57:03.723761: Iter: 1022000 [75], delta_weight_mean : 7.48910907e-08
2017-06-13 00:01:21.943471: Iter: 1024000 [75], delta_weight_mean : 7.45161586e-08
2017-06-13 00:05:39.957144: Iter: 1026000 [75], delta_weight_mean : 7.45198605e-08
2017-06-13 00:05:39.957404: plotting graph
2017-06-13 00:05:40.166826: Plotting weights...
2017-06-13 00:10:06.048125: Iter: 1028000 [76], delta_weight_mean : 7.37462997e-08
2017-06-13 00:14:13.793484: Iter: 1030000 [76], delta_weight_mean : 7.31280778e-08
2017-06-13 00:18:28.427579: Iter: 1032000 [76], delta_weight_mean : 7.29259853e-08
2017-06-13 00:22:42.841904: Iter: 1034000 [76], delta_weight_mean : 7.27693745e-08
2017-06-13 00:26:57.434952: Iter: 1036000 [76], delta_weight_mean : 7.24364000e-08
2017-06-13 00:31:11.340815: Iter: 1038000 [76], delta_weight_mean : 7.25417451e-08
2017-06-13 00:34:20.654145: plotting graph
2017-06-13 00:35:23.761529: Iter: 1040000 [77], delta_weight_mean : 7.36931440e-08
2017-06-13 00:39:36.193189: Iter: 1042000 [77], delta_weight_mean : 7.20064079e-08
2017-06-13 00:43:47.220408: Iter: 1044000 [77], delta_weight_mean : 7.13565385e-08
2017-06-13 00:47:56.536136: Iter: 1046000 [77], delta_weight_mean : 7.08604873e-08
2017-06-13 00:52:08.035367: Iter: 1048000 [77], delta_weight_mean : 7.04230416e-08
2017-06-13 00:56:20.046599: Iter: 1050000 [77], delta_weight_mean : 7.07161405e-08
2017-06-13 01:00:32.075893: Iter: 1052000 [77], delta_weight_mean : 7.05598353e-08
2017-06-13 01:02:38.083127: plotting graph
2017-06-13 01:02:38.202230: Plotting weights...
2017-06-13 01:04:50.347088: Iter: 1054000 [78], delta_weight_mean : 7.18845712e-08
2017-06-13 01:09:02.283641: Iter: 1056000 [78], delta_weight_mean : 6.96077862e-08
2017-06-13 01:13:07.434658: Iter: 1058000 [78], delta_weight_mean : 6.96255640e-08
2017-06-13 01:17:16.790604: Iter: 1060000 [78], delta_weight_mean : 6.97419154e-08
2017-06-13 01:21:27.542052: Iter: 1062000 [78], delta_weight_mean : 6.95054041e-08
2017-06-13 01:25:39.519605: Iter: 1064000 [78], delta_weight_mean : 6.91699213e-08
2017-06-13 01:29:51.480277: Iter: 1066000 [78], delta_weight_mean : 6.90188600e-08
2017-06-13 01:30:54.473281: plotting graph
2017-06-13 01:34:01.615050: Iter: 1068000 [79], delta_weight_mean : 6.88252584e-08
2017-06-13 01:38:13.568377: Iter: 1070000 [79], delta_weight_mean : 6.87774246e-08
2017-06-13 01:42:23.167522: Iter: 1072000 [79], delta_weight_mean : 6.73075533e-08
2017-06-13 01:46:32.501198: Iter: 1074000 [79], delta_weight_mean : 6.75407463e-08
2017-06-13 01:50:42.742014: Iter: 1076000 [79], delta_weight_mean : 6.77844270e-08
2017-06-13 01:54:54.703086: Iter: 1078000 [79], delta_weight_mean : 6.77453471e-08
2017-06-13 01:59:06.653046: Iter: 1080000 [79], delta_weight_mean : 6.75529250e-08
2017-06-13 01:59:06.653222: plotting graph
2017-06-13 01:59:06.771877: Plotting weights...
2017-06-13 01:59:13.027726: testing validation set
2017-06-13 01:59:13.027773: training count classifer
2017-06-13 02:01:18.064048: Iter: 1000 [0], acc: 0.01% 
2017-06-13 02:03:23.071089: Iter: 2000 [0], acc: 0.01% 
2017-06-13 02:05:28.077019: Iter: 3000 [0], acc: 0.01% 
2017-06-13 02:07:27.427672: Iter: 4000 [0], acc: 0.01% 
2017-06-13 02:09:32.462143: Iter: 5000 [0], acc: 0.01% 
2017-06-13 02:11:37.482575: Iter: 6000 [0], acc: 0.01% 
2017-06-13 02:13:42.505309: Iter: 7000 [0], acc: 0.01% 
2017-06-13 02:15:47.534385: Iter: 8000 [0], acc: 0.02% 
2017-06-13 02:17:52.568979: Iter: 9000 [0], acc: 0.02% 
2017-06-13 02:19:57.607688: Iter: 10000 [0], acc: 0.01% 
2017-06-13 02:19:57.607849: 
Testing validation
2017-06-13 02:23:05.123934: epoch: 0 Accuracy: 0.9198%,  i: 1500
