2017-07-04 21:05:18.170585: softmax classifer
2017-07-04 21:05:18.170648: Learning rates LR: 1.000000 
2017-07-04 21:08:54.365987: Iter: 2000 [0], loss: 0.000000, acc: 1.00%, avg_loss: 11871.229264, avg_acc: 59.38%
2017-07-04 21:12:34.172040: Iter: 4000 [0], loss: 0.000000, acc: 1.00%, avg_loss: 10791.939198, avg_acc: 65.18%
2017-07-04 21:16:13.877363: Iter: 6000 [0], loss: 9578.808594, acc: 0.50%, avg_loss: 10020.467290, avg_acc: 68.24%
2017-07-04 21:19:55.802951: Iter: 8000 [0], loss: 12609.914062, acc: 0.50%, avg_loss: 9582.536776, avg_acc: 70.07%
2017-07-04 21:23:34.113819: Iter: 10000 [0], loss: 0.000000, acc: 1.00%, avg_loss: 9304.664580, avg_acc: 71.35%
2017-07-04 21:27:14.492478: Iter: 12000 [0], loss: 0.000000, acc: 1.00%, avg_loss: 9105.813291, avg_acc: 72.36%
2017-07-04 21:29:56.096036: 
Epoch 0: avg_Loss: 8959.537429579583, avg_Acc: 72.955404104008
2017-07-04 21:29:56.096117: Learning rates changed LR: 0.100000 
2017-07-04 21:30:51.856126: Iter: 14000 [1], loss: 0.000000, acc: 1.00%, avg_loss: 4150.221824, avg_acc: 85.70%
2017-07-04 21:34:28.097780: Iter: 16000 [1], loss: 0.000000, acc: 1.00%, avg_loss: 3675.456753, avg_acc: 86.89%
2017-07-04 21:38:01.638356: Iter: 18000 [1], loss: 8839.217773, acc: 0.75%, avg_loss: 3553.329849, avg_acc: 86.96%
2017-07-04 21:41:35.612529: Iter: 20000 [1], loss: 0.000000, acc: 1.00%, avg_loss: 3456.182604, avg_acc: 87.02%
2017-07-04 21:45:06.801292: Iter: 22000 [1], loss: 0.000000, acc: 1.00%, avg_loss: 3452.902121, avg_acc: 86.97%
2017-07-04 21:48:39.256325: Iter: 24000 [1], loss: 7060.425781, acc: 0.75%, avg_loss: 3383.475422, avg_acc: 87.09%
2017-07-04 21:51:56.928890: Iter: 26000 [1], loss: 0.000000, acc: 1.00%, avg_loss: 3328.306277, avg_acc: 87.10%
2017-07-04 21:53:44.262178: 
Epoch 1: avg_Loss: 3286.218858258184, avg_Acc: 87.123120231128
2017-07-04 21:53:44.262305: Learning rates changed LR: 0.100000 
2017-07-04 21:55:31.638466: Iter: 28000 [2], loss: 6462.230469, acc: 0.75%, avg_loss: 2600.355218, avg_acc: 88.33%
2017-07-04 21:59:02.206810: Iter: 30000 [2], loss: 0.000000, acc: 1.00%, avg_loss: 2800.233002, avg_acc: 87.45%
2017-07-04 22:02:36.987165: Iter: 32000 [2], loss: 2010.054688, acc: 0.75%, avg_loss: 2783.289108, avg_acc: 87.57%
2017-07-04 22:06:09.633191: Iter: 34000 [2], loss: 5014.665039, acc: 0.75%, avg_loss: 2784.338380, avg_acc: 87.40%
2017-07-04 22:08:57.270802: Iter: 36000 [2], loss: 0.000000, acc: 1.00%, avg_loss: 2820.397973, avg_acc: 87.26%
2017-07-04 22:11:38.494564: Iter: 38000 [2], loss: 0.000000, acc: 1.00%, avg_loss: 2795.329553, avg_acc: 87.28%
2017-07-04 22:14:18.957941: Iter: 40000 [2], loss: 7278.754883, acc: 0.75%, avg_loss: 2753.650290, avg_acc: 87.29%
2017-07-04 22:14:58.669067: 
Epoch 2: avg_Loss: 2749.198395776787, avg_Acc: 87.308319134751
2017-07-04 22:14:58.669156: Learning rates changed LR: 0.010000 
2017-07-04 22:17:17.954023: Iter: 42000 [3], loss: 1812.303711, acc: 0.75%, avg_loss: 2532.030570, avg_acc: 90.02%
2017-07-04 22:20:49.230087: Iter: 44000 [3], loss: 4183.048828, acc: 0.50%, avg_loss: 2467.502278, avg_acc: 92.77%
2017-07-04 22:24:24.551189: Iter: 46000 [3], loss: 1930.871094, acc: 0.75%, avg_loss: 2403.483972, avg_acc: 93.00%
2017-07-04 22:27:59.882593: Iter: 48000 [3], loss: 0.000000, acc: 1.00%, avg_loss: 2356.447863, avg_acc: 93.15%
2017-07-04 22:31:29.436328: Iter: 50000 [3], loss: 0.000000, acc: 1.00%, avg_loss: 2336.386245, avg_acc: 93.24%
2017-07-04 22:35:04.217968: Iter: 52000 [3], loss: 8368.575195, acc: 0.50%, avg_loss: 2326.736878, avg_acc: 94.28%
2017-07-04 22:38:39.503404: Iter: 54000 [3], loss: 15666.832031, acc: 0.75%, avg_loss: 2315.561114, avg_acc: 94.31%
2017-07-04 22:38:39.503729: 
Epoch 3: avg_Loss: 2315.732649447092, avg_Acc: 88.313949181421
2017-07-04 22:38:39.503780: Learning rates changed LR: 0.001000 
2017-07-04 22:42:13.129549: Iter: 56000 [4], loss: 0.000000, acc: 1.00%, avg_loss: 2285.219803, avg_acc: 95.38%
2017-07-04 22:45:46.556836: Iter: 58000 [4], loss: 10801.214844, acc: 0.75%, avg_loss: 2220.987252, avg_acc: 95.46%
2017-07-04 22:49:16.643812: Iter: 60000 [4], loss: 0.000000, acc: 1.00%, avg_loss: 2220.913604, avg_acc: 95.40%
2017-07-04 22:52:50.189539: Iter: 62000 [4], loss: 5920.456055, acc: 0.50%, avg_loss: 2259.596181, avg_acc: 96.37%
2017-07-04 22:56:25.785384: Iter: 64000 [4], loss: 0.000000, acc: 1.00%, avg_loss: 2232.092693, avg_acc: 96.54%
2017-07-04 22:59:59.429038: Iter: 66000 [4], loss: 0.000000, acc: 1.00%, avg_loss: 2264.607345, avg_acc: 96.43%
2017-07-04 23:02:39.634689: 
Epoch 4: avg_Loss: 2250.739685156047, avg_Acc: 88.460256315283
2017-07-04 23:02:39.634788: Learning rates changed LR: 0.000100 
2017-07-04 23:03:34.955773: Iter: 68000 [5], loss: 0.000000, acc: 1.00%, avg_loss: 2068.766040, avg_acc: 97.60%
2017-07-04 23:07:12.263573: Iter: 70000 [5], loss: 1707.534180, acc: 0.75%, avg_loss: 2181.424550, avg_acc: 98.52%
2017-07-04 23:10:49.798686: Iter: 72000 [5], loss: 8846.713867, acc: 0.50%, avg_loss: 2207.092350, avg_acc: 98.52%
2017-07-04 23:14:32.680742: Iter: 74000 [5], loss: 0.000000, acc: 1.00%, avg_loss: 2220.106730, avg_acc: 98.45%
2017-07-04 23:18:13.394822: Iter: 76000 [5], loss: 4979.636719, acc: 0.75%, avg_loss: 2278.874463, avg_acc: 98.25%
2017-07-04 23:21:18.615552: Iter: 78000 [5], loss: 0.000000, acc: 1.00%, avg_loss: 2240.411498, avg_acc: 98.39%
2017-07-04 23:24:10.854013: Iter: 80000 [5], loss: 0.000000, acc: 1.00%, avg_loss: 2245.361927, avg_acc: 98.47%
2017-07-04 23:25:37.235048: 
Epoch 5: avg_Loss: 2246.703926065341, avg_Acc: 98.495444106971
2017-07-04 23:25:37.235125: Learning rates changed LR: 0.000000 
2017-07-04 23:25:37.637744: 
Testing at last epoch...
2017-07-04 23:29:38.975678: epoch: 6 Accuracy: 97.2600%, loss: 2066.169022167969, i: 2500
2017-07-04 23:29:38.975751: Exiting train...
