2017-06-13 10:12:34.230874: count classifer
2017-06-13 10:12:47.138449: Iter: 200 [0], acc: 0.02% 
2017-06-13 10:12:50.747987: 
Testing ...
2017-06-13 10:15:32.773354: epoch: 0 Accuracy: 0.5341%,  i: 2500
2017-06-13 10:15:42.174477: Iter: 400 [0], acc: 0.01% 
2017-06-13 10:15:55.232247: Iter: 600 [0], acc: 0.01% 
2017-06-13 10:15:56.863943: 
Testing ...
2017-06-13 10:18:39.982591: epoch: 0 Accuracy: 0.6628%,  i: 2500
2017-06-13 10:18:51.403902: Iter: 800 [0], acc: 0.01% 
2017-06-13 10:19:04.456678: Iter: 1000 [0], acc: 0.01% 
2017-06-13 10:19:17.509510: Iter: 1200 [0], acc: 0.02% 
2017-06-13 10:19:20.772461: 
Testing ...
2017-06-13 10:22:03.862999: epoch: 0 Accuracy: 0.7872%,  i: 2500
2017-06-13 10:22:13.650507: Iter: 1400 [0], acc: 0.01% 
2017-06-13 10:22:26.702100: Iter: 1600 [0], acc: 0.01% 
2017-06-13 10:22:39.756556: Iter: 1800 [0], acc: 0.01% 
2017-06-13 10:22:52.809198: Iter: 2000 [0], acc: 0.02% 
2017-06-13 10:23:05.865666: Iter: 2200 [0], acc: 0.01% 
2017-06-13 10:23:18.919632: Iter: 2400 [0], acc: 0.01% 
2017-06-13 10:23:25.448298: 
Testing ...
2017-06-13 10:26:08.577533: epoch: 0 Accuracy: 0.8919%,  i: 2500
2017-06-13 10:26:15.105059: Iter: 2600 [0], acc: 0.00% 
2017-06-13 10:26:28.154545: Iter: 2800 [0], acc: 0.02% 
2017-06-13 10:26:41.209182: Iter: 3000 [0], acc: 0.02% 
2017-06-13 10:26:54.258176: Iter: 3200 [0], acc: 0.02% 
2017-06-13 10:27:07.309131: Iter: 3400 [0], acc: 0.01% 
2017-06-13 10:27:20.361947: Iter: 3600 [0], acc: 0.01% 
2017-06-13 10:27:33.414445: Iter: 3800 [0], acc: 0.01% 
2017-06-13 10:27:46.470923: Iter: 4000 [0], acc: 0.02% 
2017-06-13 10:27:59.526528: Iter: 4200 [0], acc: 0.01% 
2017-06-13 10:28:12.580827: Iter: 4400 [0], acc: 0.02% 
2017-06-13 10:28:25.632407: Iter: 4600 [0], acc: 0.01% 
2017-06-13 10:28:38.686929: Iter: 4800 [0], acc: 0.01% 
2017-06-13 10:28:51.738422: Iter: 5000 [0], acc: 0.01% 
2017-06-13 10:28:51.738474: 
Testing ...
2017-06-13 10:31:34.893480: epoch: 0 Accuracy: 0.9325%,  i: 2500
2017-06-13 10:31:47.966893: Iter: 5200 [0], acc: 0.01% 
2017-06-13 10:32:01.018705: Iter: 5400 [0], acc: 0.01% 
2017-06-13 10:32:14.087741: Iter: 5600 [0], acc: 0.02% 
2017-06-13 10:32:27.140879: Iter: 5800 [0], acc: 0.01% 
2017-06-13 10:32:40.202840: Iter: 6000 [0], acc: 0.01% 
2017-06-13 10:32:53.263427: Iter: 6200 [0], acc: 0.01% 
2017-06-13 10:32:56.526878: 
Testing ...
2017-06-13 10:35:39.789466: epoch: 0 Accuracy: 0.9447%,  i: 2500
2017-06-13 10:35:49.650689: Iter: 6400 [0], acc: 0.01% 
2017-06-13 10:36:02.738418: Iter: 6600 [0], acc: 0.00% 
2017-06-13 10:36:15.810547: Iter: 6800 [0], acc: 0.02% 
2017-06-13 10:36:28.867334: Iter: 7000 [0], acc: 0.01% 
2017-06-13 10:36:41.974649: Iter: 7200 [0], acc: 0.01% 
2017-06-13 10:36:55.055033: Iter: 7400 [0], acc: 0.01% 
2017-06-13 10:37:08.112916: Iter: 7600 [0], acc: 0.01% 
2017-06-13 10:37:21.221861: Iter: 7800 [0], acc: 0.02% 
2017-06-13 10:37:34.321370: Iter: 8000 [0], acc: 0.02% 
2017-06-13 10:37:47.379780: Iter: 8200 [0], acc: 0.01% 
2017-06-13 10:38:00.434760: Iter: 8400 [0], acc: 0.01% 
2017-06-13 10:38:13.536413: Iter: 8600 [0], acc: 0.01% 
2017-06-13 10:38:26.616856: Iter: 8800 [0], acc: 0.01% 
2017-06-13 10:38:39.670909: Iter: 9000 [0], acc: 0.01% 
2017-06-13 10:38:52.719947: Iter: 9200 [0], acc: 0.01% 
2017-06-13 10:39:05.838399: Iter: 9400 [0], acc: 0.02% 
2017-06-13 10:39:18.997855: Iter: 9600 [0], acc: 0.01% 
2017-06-13 10:39:32.051112: Iter: 9800 [0], acc: 0.01% 
2017-06-13 10:39:45.101931: Iter: 10000 [0], acc: 0.02% 
2017-06-13 10:39:58.180530: Iter: 10200 [0], acc: 0.01% 
2017-06-13 10:40:11.248432: Iter: 10400 [0], acc: 0.02% 
2017-06-13 10:40:24.300058: Iter: 10600 [0], acc: 0.01% 
2017-06-13 10:40:37.365492: Iter: 10800 [0], acc: 0.02% 
2017-06-13 10:40:50.421206: Iter: 11000 [0], acc: 0.02% 
2017-06-13 10:41:03.476269: Iter: 11200 [0], acc: 0.00% 
2017-06-13 10:41:16.600475: Iter: 11400 [0], acc: 0.01% 
2017-06-13 10:41:29.655523: Iter: 11600 [0], acc: 0.01% 
2017-06-13 10:41:42.711021: Iter: 11800 [0], acc: 0.02% 
2017-06-13 10:41:55.765963: Iter: 12000 [0], acc: 0.01% 
2017-06-13 10:42:08.825160: Iter: 12200 [0], acc: 0.01% 
2017-06-13 10:42:21.879456: Iter: 12400 [0], acc: 0.01% 
2017-06-13 10:42:34.934679: Iter: 12600 [0], acc: 0.01% 
2017-06-13 10:42:48.062614: Iter: 12800 [0], acc: 0.01% 
2017-06-13 10:43:01.139629: Iter: 13000 [0], acc: 0.02% 
2017-06-13 10:43:14.284649: Iter: 13200 [0], acc: 0.01% 
2017-06-13 10:43:27.381599: Iter: 13400 [0], acc: 0.01% 
2017-06-13 10:43:33.917513: 
Testing at last epoch...
2017-06-13 10:46:17.235341: epoch: 1 Accuracy: 0.9491%,  i: 2500
2017-06-13 10:46:17.235381: Exiting train...
