2017-07-05 19:55:12.341775: softmax classifer
2017-07-05 19:55:12.341838: Learning rates LR: 0.100000 
2017-07-05 19:55:33.567000: Iter: 200 [0], loss: 0.064920, acc: 1.00%, avg_loss: 0.639646, avg_acc: 69.00%
2017-07-05 19:55:55.930264: Iter: 400 [0], loss: 0.011274, acc: 1.00%, avg_loss: 0.553129, avg_acc: 75.00%
2017-07-05 19:56:17.326640: Iter: 600 [0], loss: 0.006570, acc: 1.00%, avg_loss: 0.512668, avg_acc: 76.83%
2017-07-05 19:56:38.699036: Iter: 800 [0], loss: 0.035351, acc: 1.00%, avg_loss: 0.478886, avg_acc: 78.25%
2017-07-05 19:56:46.196901: 
Epoch 0: avg_Loss: 0.462290082280, avg_Acc: 79.314285714286
2017-07-05 19:56:59.741983: Iter: 1000 [1], loss: 0.086529, acc: 1.00%, avg_loss: 0.384319, avg_acc: 79.84%
2017-07-05 19:57:21.721212: Iter: 1200 [1], loss: 0.007236, acc: 1.00%, avg_loss: 0.358181, avg_acc: 83.02%
2017-07-05 19:57:43.042038: Iter: 1400 [1], loss: 4.670616, acc: 0.00%, avg_loss: 0.335802, avg_acc: 84.73%
2017-07-05 19:58:03.460877: Iter: 1600 [1], loss: 0.157177, acc: 1.00%, avg_loss: 0.306867, avg_acc: 85.50%
2017-07-05 19:58:18.775631: 
Epoch 1: avg_Loss: 0.313214552844, avg_Acc: 85.600000000000
2017-07-05 19:58:23.813091: Iter: 1800 [2], loss: 0.014892, acc: 1.00%, avg_loss: 0.304619, avg_acc: 81.25%
2017-07-05 19:58:43.327119: Iter: 2000 [2], loss: 0.485258, acc: 1.00%, avg_loss: 0.289307, avg_acc: 87.10%
2017-07-05 19:59:02.985736: Iter: 2200 [2], loss: 0.038199, acc: 1.00%, avg_loss: 0.275262, avg_acc: 89.06%
2017-07-05 19:59:22.733317: Iter: 2400 [2], loss: 0.000184, acc: 1.00%, avg_loss: 0.278947, avg_acc: 88.89%
2017-07-05 19:59:42.560124: Iter: 2600 [2], loss: 0.000071, acc: 1.00%, avg_loss: 0.251827, avg_acc: 89.86%
2017-07-05 19:59:45.392944: 
Epoch 2: avg_Loss: 0.255646288149, avg_Acc: 89.828571428571
2017-07-05 19:59:45.393003: Learning rates changed LR: 0.050000 
2017-07-05 20:00:02.908577: Iter: 2800 [3], loss: 0.106141, acc: 1.00%, avg_loss: 0.209375, avg_acc: 92.44%
2017-07-05 20:00:22.798315: Iter: 3000 [3], loss: 0.000484, acc: 1.00%, avg_loss: 0.214611, avg_acc: 92.47%
2017-07-05 20:00:42.644033: Iter: 3200 [3], loss: 0.013374, acc: 1.00%, avg_loss: 0.216319, avg_acc: 92.31%
2017-07-05 20:01:02.010725: Iter: 3400 [3], loss: 0.011730, acc: 1.00%, avg_loss: 0.207709, avg_acc: 92.88%
2017-07-05 20:01:12.727412: 
Epoch 3: avg_Loss: 0.205777189086, avg_Acc: 93.142857142857
2017-07-05 20:01:22.573232: Iter: 3600 [4], loss: 0.008291, acc: 1.00%, avg_loss: 0.232414, avg_acc: 90.62%
2017-07-05 20:01:42.896869: Iter: 3800 [4], loss: 0.109244, acc: 1.00%, avg_loss: 0.227446, avg_acc: 91.22%
2017-07-05 20:02:03.052533: Iter: 4000 [4], loss: 0.946660, acc: 0.00%, avg_loss: 0.202124, avg_acc: 92.94%
2017-07-05 20:02:22.912564: Iter: 4200 [4], loss: 0.126044, acc: 1.00%, avg_loss: 0.198586, avg_acc: 92.39%
2017-07-05 20:02:40.938127: 
Epoch 4: avg_Loss: 0.202803387220, avg_Acc: 92.000000000000
2017-07-05 20:02:43.451567: Iter: 4400 [5], loss: 0.000295, acc: 1.00%, avg_loss: 0.304381, avg_acc: 90.00%
2017-07-05 20:03:03.927597: Iter: 4600 [5], loss: 0.005360, acc: 1.00%, avg_loss: 0.203143, avg_acc: 93.18%
2017-07-05 20:03:24.585751: Iter: 4800 [5], loss: 0.256865, acc: 1.00%, avg_loss: 0.190562, avg_acc: 93.33%
2017-07-05 20:03:44.897474: Iter: 5000 [5], loss: 0.053477, acc: 1.00%, avg_loss: 0.194066, avg_acc: 93.55%
2017-07-05 20:04:04.930493: Iter: 5200 [5], loss: 0.013400, acc: 1.00%, avg_loss: 0.186905, avg_acc: 93.54%
2017-07-05 20:04:10.599905: 
Epoch 5: avg_Loss: 0.187138234726, avg_Acc: 93.714285714286
2017-07-05 20:04:10.599977: Learning rates changed LR: 0.029940 
2017-07-05 20:04:25.009292: Iter: 5400 [6], loss: 0.104030, acc: 1.00%, avg_loss: 0.141864, avg_acc: 94.44%
2017-07-05 20:04:44.848461: Iter: 5600 [6], loss: 0.000000, acc: 1.00%, avg_loss: 0.181104, avg_acc: 93.02%
2017-07-05 20:05:05.653101: Iter: 5800 [6], loss: 0.055015, acc: 1.00%, avg_loss: 0.185259, avg_acc: 93.01%
2017-07-05 20:05:26.475832: Iter: 6000 [6], loss: 0.010466, acc: 1.00%, avg_loss: 0.162549, avg_acc: 94.22%
2017-07-05 20:05:39.248906: 
Epoch 6: avg_Loss: 0.174640070444, avg_Acc: 93.942857142857
2017-07-05 20:05:46.102972: Iter: 6200 [7], loss: 0.472614, acc: 1.00%, avg_loss: 0.149716, avg_acc: 95.59%
2017-07-05 20:06:05.739632: Iter: 6400 [7], loss: 0.054361, acc: 1.00%, avg_loss: 0.149730, avg_acc: 95.52%
2017-07-05 20:06:28.345490: Iter: 6600 [7], loss: 0.015134, acc: 1.00%, avg_loss: 0.129874, avg_acc: 96.79%
2017-07-05 20:06:50.025652: Iter: 6800 [7], loss: 0.004846, acc: 1.00%, avg_loss: 0.168200, avg_acc: 94.46%
2017-07-05 20:07:11.751065: Iter: 7000 [7], loss: 0.207182, acc: 1.00%, avg_loss: 0.168933, avg_acc: 94.59%
2017-07-05 20:07:12.591846: 
Epoch 7: avg_Loss: 0.168046312399, avg_Acc: 94.742857142857
2017-07-05 20:07:33.857507: Iter: 7200 [8], loss: 0.005238, acc: 1.00%, avg_loss: 0.241749, avg_acc: 91.15%
2017-07-05 20:07:55.889176: Iter: 7400 [8], loss: 0.190902, acc: 1.00%, avg_loss: 0.177159, avg_acc: 94.39%
2017-07-05 20:08:17.115482: Iter: 7600 [8], loss: 0.011810, acc: 1.00%, avg_loss: 0.165987, avg_acc: 95.10%
2017-07-05 20:08:38.359143: Iter: 7800 [8], loss: 0.003193, acc: 1.00%, avg_loss: 0.177541, avg_acc: 94.70%
2017-07-05 20:08:47.053920: 
Epoch 8: avg_Loss: 0.176995853086, avg_Acc: 94.971428571429
2017-07-05 20:09:00.495156: Iter: 8000 [9], loss: 0.000005, acc: 1.00%, avg_loss: 0.130966, avg_acc: 96.55%
2017-07-05 20:09:22.756594: Iter: 8200 [9], loss: 0.001605, acc: 1.00%, avg_loss: 0.209946, avg_acc: 93.35%
2017-07-05 20:09:45.009237: Iter: 8400 [9], loss: 0.004109, acc: 1.00%, avg_loss: 0.173702, avg_acc: 94.96%
2017-07-05 20:10:06.614114: Iter: 8600 [9], loss: 0.004709, acc: 1.00%, avg_loss: 0.167852, avg_acc: 94.69%
2017-07-05 20:10:23.207492: 
Epoch 9: avg_Loss: 0.172415924393, avg_Acc: 94.400000000000
2017-07-05 20:10:28.228607: Iter: 8800 [10], loss: 0.737674, acc: 0.00%, avg_loss: 0.308823, avg_acc: 85.00%
2017-07-05 20:10:49.963998: Iter: 9000 [10], loss: 0.000386, acc: 1.00%, avg_loss: 0.151476, avg_acc: 94.17%
2017-07-05 20:11:12.541445: Iter: 9200 [10], loss: 0.013786, acc: 1.00%, avg_loss: 0.145900, avg_acc: 94.77%
2017-07-05 20:11:34.162493: Iter: 9400 [10], loss: 0.013234, acc: 1.00%, avg_loss: 0.154143, avg_acc: 94.53%
2017-07-05 20:11:55.718736: Iter: 9600 [10], loss: 0.000383, acc: 1.00%, avg_loss: 0.169823, avg_acc: 93.69%
2017-07-05 20:11:59.499155: 
Epoch 10: avg_Loss: 0.172161655235, avg_Acc: 93.714285714286
2017-07-05 20:12:17.597789: Iter: 9800 [11], loss: 0.019962, acc: 1.00%, avg_loss: 0.147526, avg_acc: 95.12%
2017-07-05 20:12:39.539254: Iter: 10000 [11], loss: 0.001704, acc: 1.00%, avg_loss: 0.156276, avg_acc: 95.05%
2017-07-05 20:13:00.743051: Iter: 10200 [11], loss: 0.015396, acc: 1.00%, avg_loss: 0.152680, avg_acc: 95.39%
2017-07-05 20:13:23.126354: Iter: 10400 [11], loss: 0.105498, acc: 1.00%, avg_loss: 0.156126, avg_acc: 95.29%
2017-07-05 20:13:35.271341: 
Epoch 11: avg_Loss: 0.166975296332, avg_Acc: 95.085714285714
2017-07-05 20:13:35.271416: Learning rates changed LR: 0.014970 
2017-07-05 20:13:44.936682: Iter: 10600 [12], loss: 0.002532, acc: 1.00%, avg_loss: 0.127101, avg_acc: 96.59%
2017-07-05 20:14:06.999633: Iter: 10800 [12], loss: 0.000626, acc: 1.00%, avg_loss: 0.146437, avg_acc: 95.49%
2017-07-05 20:14:29.198651: Iter: 11000 [12], loss: 0.031957, acc: 1.00%, avg_loss: 0.157640, avg_acc: 95.70%
2017-07-05 20:14:50.255988: Iter: 11200 [12], loss: 0.206259, acc: 1.00%, avg_loss: 0.142980, avg_acc: 96.22%
2017-07-05 20:15:11.187812: 
Epoch 12: avg_Loss: 0.153710649473, avg_Acc: 96.000000000000
2017-07-05 20:15:12.757572: Iter: 11400 [13], loss: 0.064422, acc: 1.00%, avg_loss: 0.038373, avg_acc: 100.00%
2017-07-05 20:15:33.892707: Iter: 11600 [13], loss: 0.004912, acc: 1.00%, avg_loss: 0.159024, avg_acc: 94.81%
2017-07-05 20:15:55.328958: Iter: 11800 [13], loss: 0.034978, acc: 1.00%, avg_loss: 0.149757, avg_acc: 94.66%
2017-07-05 20:16:16.606353: Iter: 12000 [13], loss: 0.051011, acc: 1.00%, avg_loss: 0.146044, avg_acc: 95.42%
2017-07-05 20:16:38.436339: Iter: 12200 [13], loss: 0.315525, acc: 1.00%, avg_loss: 0.150323, avg_acc: 94.95%
2017-07-05 20:16:45.061642: 
Epoch 13: avg_Loss: 0.152624583605, avg_Acc: 94.971428571429
2017-07-05 20:17:00.652801: Iter: 12400 [14], loss: 0.045914, acc: 1.00%, avg_loss: 0.138147, avg_acc: 94.85%
2017-07-05 20:17:21.958490: Iter: 12600 [14], loss: 0.051605, acc: 1.00%, avg_loss: 0.148671, avg_acc: 95.54%
2017-07-05 20:17:43.336791: Iter: 12800 [14], loss: 0.012745, acc: 1.00%, avg_loss: 0.170807, avg_acc: 94.22%
2017-07-05 20:18:04.970439: Iter: 13000 [14], loss: 0.053890, acc: 1.00%, avg_loss: 0.158097, avg_acc: 94.70%
2017-07-05 20:18:20.259953: 
Epoch 14: avg_Loss: 0.152123986929, avg_Acc: 94.857142857143
2017-07-05 20:18:26.952398: Iter: 13200 [15], loss: 0.013073, acc: 1.00%, avg_loss: 0.213448, avg_acc: 91.67%
2017-07-05 20:18:48.732639: Iter: 13400 [15], loss: 0.067888, acc: 1.00%, avg_loss: 0.117099, avg_acc: 96.15%
2017-07-05 20:19:08.848615: Iter: 13600 [15], loss: 0.001398, acc: 1.00%, avg_loss: 0.154267, avg_acc: 94.57%
2017-07-05 20:19:28.922829: Iter: 13800 [15], loss: 0.020723, acc: 1.00%, avg_loss: 0.146957, avg_acc: 94.85%
2017-07-05 20:19:49.066970: Iter: 14000 [15], loss: 0.207577, acc: 1.00%, avg_loss: 0.150162, avg_acc: 94.88%
2017-07-05 20:19:50.587604: 
Epoch 15: avg_Loss: 0.150600224547, avg_Acc: 94.857142857143
2017-07-05 20:20:10.438183: Iter: 14200 [16], loss: 0.011678, acc: 1.00%, avg_loss: 0.183575, avg_acc: 94.57%
2017-07-05 20:20:31.765515: Iter: 14400 [16], loss: 0.042575, acc: 1.00%, avg_loss: 0.171116, avg_acc: 94.79%
2017-07-05 20:20:52.557236: Iter: 14600 [16], loss: 0.056026, acc: 1.00%, avg_loss: 0.159282, avg_acc: 95.55%
2017-07-05 20:21:15.024287: Iter: 14800 [16], loss: 0.052723, acc: 1.00%, avg_loss: 0.156335, avg_acc: 95.15%
2017-07-05 20:21:26.058136: 
Epoch 16: avg_Loss: 0.151450150458, avg_Acc: 95.542857142857
2017-07-05 20:21:39.406349: Iter: 15000 [17], loss: 0.002211, acc: 1.00%, avg_loss: 0.165307, avg_acc: 93.52%
2017-07-05 20:22:03.934060: Iter: 15200 [17], loss: 0.002036, acc: 1.00%, avg_loss: 0.127128, avg_acc: 96.10%
2017-07-05 20:22:26.924513: Iter: 15400 [17], loss: 0.007677, acc: 1.00%, avg_loss: 0.128246, avg_acc: 95.67%
2017-07-05 20:22:51.214903: Iter: 15600 [17], loss: 0.010426, acc: 1.00%, avg_loss: 0.150559, avg_acc: 94.77%
2017-07-05 20:23:11.125378: 
Epoch 17: avg_Loss: 0.146253129393, avg_Acc: 94.971428571429
2017-07-05 20:23:15.850205: Iter: 15800 [18], loss: 0.123881, acc: 1.00%, avg_loss: 0.274731, avg_acc: 90.62%
2017-07-05 20:23:41.459425: Iter: 16000 [18], loss: 0.000444, acc: 1.00%, avg_loss: 0.148436, avg_acc: 95.69%
2017-07-05 20:24:08.013886: Iter: 16200 [18], loss: 0.005390, acc: 1.00%, avg_loss: 0.142448, avg_acc: 96.06%
2017-07-05 20:24:31.910547: Iter: 16400 [18], loss: 0.142315, acc: 1.00%, avg_loss: 0.153509, avg_acc: 95.25%
2017-07-05 20:24:57.503751: Iter: 16600 [18], loss: 0.001884, acc: 1.00%, avg_loss: 0.150861, avg_acc: 95.67%
2017-07-05 20:25:03.364481: 
Epoch 18: avg_Loss: 0.149335189817, avg_Acc: 95.771428571429
2017-07-05 20:25:24.595924: Iter: 16800 [19], loss: 0.010529, acc: 1.00%, avg_loss: 0.173563, avg_acc: 95.51%
2017-07-05 20:25:51.364256: Iter: 17000 [19], loss: 0.001534, acc: 1.00%, avg_loss: 0.151388, avg_acc: 95.22%
2017-07-05 20:26:17.167876: Iter: 17200 [19], loss: 0.065607, acc: 1.00%, avg_loss: 0.144042, avg_acc: 95.50%
2017-07-05 20:26:43.793546: Iter: 17400 [19], loss: 0.003212, acc: 1.00%, avg_loss: 0.147272, avg_acc: 95.11%
2017-07-05 20:27:00.249752: 
Epoch 19: avg_Loss: 0.146593667626, avg_Acc: 95.314285714286
2017-07-05 20:27:00.249849: Learning rates changed LR: 0.007485 
2017-07-05 20:27:11.051609: Iter: 17600 [20], loss: 0.069618, acc: 1.00%, avg_loss: 0.143175, avg_acc: 95.00%
2017-07-05 20:27:37.231834: Iter: 17800 [20], loss: 0.010624, acc: 1.00%, avg_loss: 0.100504, avg_acc: 97.50%
2017-07-05 20:28:02.282544: Iter: 18000 [20], loss: 0.089848, acc: 1.00%, avg_loss: 0.116331, avg_acc: 97.08%
2017-07-05 20:28:28.045084: Iter: 18200 [20], loss: 0.000290, acc: 1.00%, avg_loss: 0.145848, avg_acc: 96.18%
2017-07-05 20:28:53.463215: 
Epoch 20: avg_Loss: 0.144065343761, avg_Acc: 95.885714285714
2017-07-05 20:28:54.339391: Iter: 18400 [21], loss: 0.000752, acc: 1.00%, avg_loss: 0.066449, avg_acc: 100.00%
2017-07-05 20:29:20.259775: Iter: 18600 [21], loss: 0.205689, acc: 1.00%, avg_loss: 0.130809, avg_acc: 95.59%
2017-07-05 20:29:46.845123: Iter: 18800 [21], loss: 0.007392, acc: 1.00%, avg_loss: 0.111067, avg_acc: 97.03%
2017-07-05 20:30:12.990312: Iter: 19000 [21], loss: 0.005194, acc: 1.00%, avg_loss: 0.135574, avg_acc: 96.03%
2017-07-05 20:30:39.982184: Iter: 19200 [21], loss: 0.019078, acc: 1.00%, avg_loss: 0.139923, avg_acc: 96.14%
2017-07-05 20:30:49.960561: 
Epoch 21: avg_Loss: 0.143688623718, avg_Acc: 96.000000000000
2017-07-05 20:31:06.883814: Iter: 19400 [22], loss: 0.073200, acc: 1.00%, avg_loss: 0.158802, avg_acc: 96.09%
2017-07-05 20:31:33.430942: Iter: 19600 [22], loss: 0.000020, acc: 1.00%, avg_loss: 0.149801, avg_acc: 96.04%
2017-07-05 20:32:00.386253: Iter: 19800 [22], loss: 0.244438, acc: 1.00%, avg_loss: 0.141830, avg_acc: 96.02%
2017-07-05 20:32:27.478293: Iter: 20000 [22], loss: 0.000001, acc: 1.00%, avg_loss: 0.132378, avg_acc: 95.74%
2017-07-05 20:32:46.324775: 
Epoch 22: avg_Loss: 0.143321753645, avg_Acc: 95.314285714286
2017-07-05 20:32:53.447481: Iter: 20200 [23], loss: 0.057271, acc: 1.00%, avg_loss: 0.136960, avg_acc: 96.15%
2017-07-05 20:33:19.839835: Iter: 20400 [23], loss: 0.004856, acc: 1.00%, avg_loss: 0.169049, avg_acc: 94.05%
2017-07-05 20:33:47.081135: Iter: 20600 [23], loss: 0.008228, acc: 1.00%, avg_loss: 0.127202, avg_acc: 96.02%
2017-07-05 20:34:12.241097: Iter: 20800 [23], loss: 0.057966, acc: 1.00%, avg_loss: 0.133534, avg_acc: 96.01%
2017-07-05 20:34:37.771353: Iter: 21000 [23], loss: 0.858755, acc: 0.00%, avg_loss: 0.140523, avg_acc: 95.42%
2017-07-05 20:34:40.911238: 
Epoch 23: avg_Loss: 0.139596269164, avg_Acc: 95.657142857143
2017-07-05 20:35:04.129516: Iter: 21200 [24], loss: 0.003442, acc: 1.00%, avg_loss: 0.196255, avg_acc: 94.32%
2017-07-05 20:35:30.780065: Iter: 21400 [24], loss: 0.002943, acc: 1.00%, avg_loss: 0.159826, avg_acc: 94.95%
2017-07-05 20:35:56.619693: Iter: 21600 [24], loss: 0.136145, acc: 1.00%, avg_loss: 0.161631, avg_acc: 95.31%
2017-07-05 20:36:23.789282: Iter: 21800 [24], loss: 0.046390, acc: 1.00%, avg_loss: 0.149146, avg_acc: 95.62%
2017-07-05 20:36:36.904170: 
Epoch 24: avg_Loss: 0.143640146871, avg_Acc: 95.771428571429
2017-07-05 20:36:50.540853: Iter: 22000 [25], loss: 2.481652, acc: 0.00%, avg_loss: 0.099785, avg_acc: 98.00%
2017-07-05 20:37:17.439766: Iter: 22200 [25], loss: 0.011206, acc: 1.00%, avg_loss: 0.138749, avg_acc: 96.33%
2017-07-05 20:37:43.629795: Iter: 22400 [25], loss: 0.002293, acc: 1.00%, avg_loss: 0.143877, avg_acc: 96.20%
2017-07-05 20:38:14.072501: Iter: 22600 [25], loss: 0.000289, acc: 1.00%, avg_loss: 0.136602, avg_acc: 95.86%
2017-07-05 20:38:41.233589: 
Epoch 25: avg_Loss: 0.143011411044, avg_Acc: 95.771428571429
2017-07-05 20:38:45.359246: Iter: 22800 [26], loss: 0.148740, acc: 1.00%, avg_loss: 0.179352, avg_acc: 95.83%
2017-07-05 20:39:14.736633: Iter: 23000 [26], loss: 0.065568, acc: 1.00%, avg_loss: 0.162594, avg_acc: 95.54%
2017-07-05 20:39:39.080577: Iter: 23200 [26], loss: 0.001614, acc: 1.00%, avg_loss: 0.144703, avg_acc: 95.75%
2017-07-05 20:40:02.799107: Iter: 23400 [26], loss: 0.009175, acc: 1.00%, avg_loss: 0.140481, avg_acc: 95.67%
2017-07-05 20:40:27.526990: Iter: 23600 [26], loss: 0.000030, acc: 1.00%, avg_loss: 0.142651, avg_acc: 95.63%
2017-07-05 20:40:33.970869: 
Epoch 26: avg_Loss: 0.141513747743, avg_Acc: 95.542857142857
2017-07-05 20:40:54.422389: Iter: 23800 [27], loss: 0.000840, acc: 1.00%, avg_loss: 0.147292, avg_acc: 95.27%
2017-07-05 20:41:20.995630: Iter: 24000 [27], loss: 0.011280, acc: 1.00%, avg_loss: 0.158851, avg_acc: 94.54%
2017-07-05 20:41:46.536563: Iter: 24200 [27], loss: 0.594235, acc: 1.00%, avg_loss: 0.155401, avg_acc: 94.89%
2017-07-05 20:42:12.719112: Iter: 24400 [27], loss: 0.091928, acc: 1.00%, avg_loss: 0.148563, avg_acc: 95.05%
2017-07-05 20:42:30.471009: 
Epoch 27: avg_Loss: 0.142928698953, avg_Acc: 95.657142857143
2017-07-05 20:42:40.637817: Iter: 24600 [28], loss: 0.004179, acc: 1.00%, avg_loss: 0.199829, avg_acc: 91.67%
2017-07-05 20:43:06.542689: Iter: 24800 [28], loss: 0.073505, acc: 1.00%, avg_loss: 0.120797, avg_acc: 96.69%
2017-07-05 20:43:32.254990: Iter: 25000 [28], loss: 0.039586, acc: 1.00%, avg_loss: 0.113534, avg_acc: 97.03%
2017-07-05 20:43:58.900052: Iter: 25200 [28], loss: 0.127724, acc: 1.00%, avg_loss: 0.121533, avg_acc: 96.13%
2017-07-05 20:44:25.573843: Iter: 25400 [28], loss: 0.017868, acc: 1.00%, avg_loss: 0.141897, avg_acc: 95.07%
2017-07-05 20:44:26.180694: 
Epoch 28: avg_Loss: 0.141447931814, avg_Acc: 95.200000000000
2017-07-05 20:44:52.893812: Iter: 25600 [29], loss: 0.395264, acc: 1.00%, avg_loss: 0.102053, avg_acc: 97.45%
2017-07-05 20:45:19.327450: Iter: 25800 [29], loss: 0.102119, acc: 1.00%, avg_loss: 0.132059, avg_acc: 96.21%
2017-07-05 20:45:45.677785: Iter: 26000 [29], loss: 0.000168, acc: 1.00%, avg_loss: 0.139475, avg_acc: 95.81%
2017-07-05 20:46:12.427659: Iter: 26200 [29], loss: 0.284643, acc: 1.00%, avg_loss: 0.142499, avg_acc: 95.60%
2017-07-05 20:46:23.504870: 
Epoch 29: avg_Loss: 0.140399304600, avg_Acc: 95.771428571429
2017-07-05 20:46:23.504930: Learning rates changed LR: 0.003743 
2017-07-05 20:46:40.606101: Iter: 26400 [30], loss: 0.021882, acc: 1.00%, avg_loss: 0.078328, avg_acc: 97.50%
2017-07-05 20:47:07.912501: Iter: 26600 [30], loss: 0.798016, acc: 0.00%, avg_loss: 0.135965, avg_acc: 95.94%
2017-07-05 20:47:33.842723: Iter: 26800 [30], loss: 0.002950, acc: 1.00%, avg_loss: 0.151016, avg_acc: 95.38%
2017-07-05 20:48:00.269588: Iter: 27000 [30], loss: 0.008395, acc: 1.00%, avg_loss: 0.139180, avg_acc: 95.83%
2017-07-05 20:48:18.965528: 
Epoch 30: avg_Loss: 0.139421637141, avg_Acc: 95.885714285714
2017-07-05 20:48:24.289351: Iter: 27200 [31], loss: 0.043057, acc: 1.00%, avg_loss: 0.221465, avg_acc: 90.91%
2017-07-05 20:48:51.072543: Iter: 27400 [31], loss: 0.044705, acc: 1.00%, avg_loss: 0.166689, avg_acc: 93.85%
2017-07-05 20:49:18.413096: Iter: 27600 [31], loss: 0.000037, acc: 1.00%, avg_loss: 0.162019, avg_acc: 94.59%
2017-07-05 20:49:44.684089: Iter: 27800 [31], loss: 0.417741, acc: 1.00%, avg_loss: 0.155536, avg_acc: 94.57%
2017-07-05 20:50:11.211103: Iter: 28000 [31], loss: 0.087788, acc: 1.00%, avg_loss: 0.141034, avg_acc: 95.38%
2017-07-05 20:50:15.277776: 
Epoch 31: avg_Loss: 0.139360490877, avg_Acc: 95.657142857143
2017-07-05 20:50:38.292144: Iter: 28200 [32], loss: 0.056625, acc: 1.00%, avg_loss: 0.158907, avg_acc: 94.64%
2017-07-05 20:51:05.480246: Iter: 28400 [32], loss: 0.025048, acc: 1.00%, avg_loss: 0.136722, avg_acc: 95.65%
2017-07-05 20:51:32.443740: Iter: 28600 [32], loss: 0.125201, acc: 1.00%, avg_loss: 0.130333, avg_acc: 95.77%
2017-07-05 20:52:00.118094: Iter: 28800 [32], loss: 0.001183, acc: 1.00%, avg_loss: 0.146560, avg_acc: 95.44%
2017-07-05 20:52:15.316961: 
Epoch 32: avg_Loss: 0.138804212146, avg_Acc: 95.885714285714
2017-07-05 20:52:27.887673: Iter: 29000 [33], loss: 0.023056, acc: 1.00%, avg_loss: 0.132023, avg_acc: 97.83%
2017-07-05 20:52:56.719175: Iter: 29200 [33], loss: 0.001874, acc: 1.00%, avg_loss: 0.140405, avg_acc: 96.92%
2017-07-05 20:53:24.934213: Iter: 29400 [33], loss: 0.000281, acc: 1.00%, avg_loss: 0.131975, avg_acc: 96.75%
2017-07-05 20:53:52.886960: Iter: 29600 [33], loss: 0.001583, acc: 1.00%, avg_loss: 0.136063, avg_acc: 96.24%
2017-07-05 20:54:22.488306: 
Epoch 33: avg_Loss: 0.137886609705, avg_Acc: 95.885714285714
2017-07-05 20:54:25.404915: Iter: 29800 [34], loss: 0.001599, acc: 1.00%, avg_loss: 0.037996, avg_acc: 100.00%
2017-07-05 20:54:57.008473: Iter: 30000 [34], loss: 0.075861, acc: 1.00%, avg_loss: 0.107142, avg_acc: 97.22%
2017-07-05 20:55:28.821922: Iter: 30200 [34], loss: 0.250579, acc: 1.00%, avg_loss: 0.122490, avg_acc: 96.63%
2017-07-05 20:56:00.316915: Iter: 30400 [34], loss: 0.000043, acc: 1.00%, avg_loss: 0.119498, avg_acc: 96.43%
2017-07-05 20:56:34.206148: Iter: 30600 [34], loss: 0.000063, acc: 1.00%, avg_loss: 0.137049, avg_acc: 95.83%
2017-07-05 20:56:43.402290: 
Epoch 34: avg_Loss: 0.138703960423, avg_Acc: 96.000000000000
2017-07-05 20:57:04.185426: Iter: 30800 [35], loss: 0.013993, acc: 1.00%, avg_loss: 0.076201, avg_acc: 97.86%
2017-07-05 20:57:31.739106: Iter: 31000 [35], loss: 0.010125, acc: 1.00%, avg_loss: 0.099211, avg_acc: 96.76%
2017-07-05 20:58:03.101889: Iter: 31200 [35], loss: 0.086472, acc: 1.00%, avg_loss: 0.108177, avg_acc: 95.93%
2017-07-05 20:58:38.092959: Iter: 31400 [35], loss: 0.007936, acc: 1.00%, avg_loss: 0.135727, avg_acc: 95.14%
2017-07-05 20:58:58.933965: 
Epoch 35: avg_Loss: 0.138071841422, avg_Acc: 95.428571428571
2017-07-05 20:59:07.668430: Iter: 31600 [36], loss: 0.024815, acc: 1.00%, avg_loss: 0.069813, avg_acc: 100.00%
2017-07-05 20:59:36.087122: Iter: 31800 [36], loss: 0.005683, acc: 1.00%, avg_loss: 0.091823, avg_acc: 97.73%
2017-07-05 21:00:05.328112: Iter: 32000 [36], loss: 0.013383, acc: 1.00%, avg_loss: 0.115636, avg_acc: 96.77%
2017-07-05 21:00:34.539063: Iter: 32200 [36], loss: 0.322019, acc: 1.00%, avg_loss: 0.132413, avg_acc: 96.39%
2017-07-05 21:01:04.483834: Iter: 32400 [36], loss: 0.004074, acc: 1.00%, avg_loss: 0.136239, avg_acc: 96.06%
2017-07-05 21:01:06.173430: 
Epoch 36: avg_Loss: 0.137851505128, avg_Acc: 96.114285714286
2017-07-05 21:01:34.264004: Iter: 32600 [37], loss: 0.087190, acc: 1.00%, avg_loss: 0.128116, avg_acc: 96.28%
2017-07-05 21:02:05.243298: Iter: 32800 [37], loss: 0.184905, acc: 1.00%, avg_loss: 0.147715, avg_acc: 95.36%
2017-07-05 21:02:33.937009: Iter: 33000 [37], loss: 0.037325, acc: 1.00%, avg_loss: 0.149483, avg_acc: 95.07%
2017-07-05 21:03:03.207887: Iter: 33200 [37], loss: 0.007012, acc: 1.00%, avg_loss: 0.143327, avg_acc: 95.43%
2017-07-05 21:03:15.992415: 
Epoch 37: avg_Loss: 0.138302193967, avg_Acc: 96.000000000000
2017-07-05 21:03:32.525521: Iter: 33400 [38], loss: 0.015786, acc: 1.00%, avg_loss: 0.119158, avg_acc: 95.54%
2017-07-05 21:04:02.145871: Iter: 33600 [38], loss: 0.040770, acc: 1.00%, avg_loss: 0.138029, avg_acc: 95.19%
2017-07-05 21:04:31.222127: Iter: 33800 [38], loss: 0.002042, acc: 1.00%, avg_loss: 0.135402, avg_acc: 95.90%
2017-07-05 21:04:59.720802: Iter: 34000 [38], loss: 0.014788, acc: 1.00%, avg_loss: 0.139878, avg_acc: 95.93%
2017-07-05 21:05:24.221606: 
Epoch 38: avg_Loss: 0.136609043882, avg_Acc: 96.114285714286
2017-07-05 21:05:29.809821: Iter: 34200 [39], loss: 0.001694, acc: 1.00%, avg_loss: 0.082731, avg_acc: 97.22%
2017-07-05 21:06:00.928839: Iter: 34400 [39], loss: 0.000946, acc: 1.00%, avg_loss: 0.153999, avg_acc: 95.34%
2017-07-05 21:06:32.166635: Iter: 34600 [39], loss: 0.136247, acc: 1.00%, avg_loss: 0.138380, avg_acc: 96.56%
2017-07-05 21:07:03.198018: Iter: 34800 [39], loss: 0.000372, acc: 1.00%, avg_loss: 0.132479, avg_acc: 96.54%
2017-07-05 21:07:33.999087: Iter: 35000 [39], loss: 0.005837, acc: 1.00%, avg_loss: 0.137488, avg_acc: 95.93%
2017-07-05 21:07:40.314994: 
Epoch 39: avg_Loss: 0.138151768414, avg_Acc: 96.114285714286
2017-07-05 21:07:40.315130: Learning rates changed LR: 0.001871 
2017-07-05 21:08:06.100880: Iter: 35200 [40], loss: 0.101575, acc: 1.00%, avg_loss: 0.133260, avg_acc: 95.00%
2017-07-05 21:08:37.228136: Iter: 35400 [40], loss: 0.022223, acc: 1.00%, avg_loss: 0.148946, avg_acc: 95.28%
2017-07-05 21:09:07.804665: Iter: 35600 [40], loss: 0.151137, acc: 1.00%, avg_loss: 0.134350, avg_acc: 96.07%
2017-07-05 21:09:37.241818: Iter: 35800 [40], loss: 0.182125, acc: 1.00%, avg_loss: 0.132893, avg_acc: 96.32%
2017-07-05 21:09:54.718608: 
Epoch 40: avg_Loss: 0.136991774958, avg_Acc: 96.228571428571
2017-07-05 21:10:08.409181: Iter: 36000 [41], loss: 2.488603, acc: 0.00%, avg_loss: 0.148266, avg_acc: 96.43%
2017-07-05 21:10:38.714912: Iter: 36200 [41], loss: 0.003551, acc: 1.00%, avg_loss: 0.160035, avg_acc: 95.77%
2017-07-05 21:11:09.997742: Iter: 36400 [41], loss: 0.051603, acc: 1.00%, avg_loss: 0.152978, avg_acc: 95.66%
2017-07-05 21:11:40.410796: Iter: 36600 [41], loss: 0.099605, acc: 1.00%, avg_loss: 0.140926, avg_acc: 95.61%
2017-07-05 21:12:09.533007: 
Epoch 41: avg_Loss: 0.136329383293, avg_Acc: 96.000000000000
2017-07-05 21:12:11.387406: Iter: 36800 [42], loss: 0.080254, acc: 1.00%, avg_loss: 0.126691, avg_acc: 100.00%
2017-07-05 21:12:42.000678: Iter: 37000 [42], loss: 0.093371, acc: 1.00%, avg_loss: 0.105542, avg_acc: 97.12%
2017-07-05 21:13:12.540057: Iter: 37200 [42], loss: 0.013766, acc: 1.00%, avg_loss: 0.134334, avg_acc: 96.32%
2017-07-05 21:13:42.845159: Iter: 37400 [42], loss: 0.113506, acc: 1.00%, avg_loss: 0.135133, avg_acc: 96.05%
2017-07-05 21:14:14.064902: Iter: 37600 [42], loss: 0.021150, acc: 1.00%, avg_loss: 0.137388, avg_acc: 95.92%
2017-07-05 21:14:24.974294: 
Epoch 42: avg_Loss: 0.136856293152, avg_Acc: 95.885714285714
2017-07-05 21:14:44.270154: Iter: 37800 [43], loss: 0.006597, acc: 1.00%, avg_loss: 0.128770, avg_acc: 94.70%
2017-07-05 21:15:14.818854: Iter: 38000 [43], loss: 0.000003, acc: 1.00%, avg_loss: 0.135547, avg_acc: 95.18%
2017-07-05 21:15:44.362505: Iter: 38200 [43], loss: 0.000030, acc: 1.00%, avg_loss: 0.136119, avg_acc: 95.68%
2017-07-05 21:16:13.995713: Iter: 38400 [43], loss: 0.002900, acc: 1.00%, avg_loss: 0.134390, avg_acc: 96.04%
2017-07-05 21:16:35.445590: 
Epoch 43: avg_Loss: 0.136668024090, avg_Acc: 96.114285714286
2017-07-05 21:16:44.163743: Iter: 38600 [44], loss: 0.110856, acc: 1.00%, avg_loss: 0.224830, avg_acc: 91.07%
2017-07-05 21:17:15.731673: Iter: 38800 [44], loss: 0.143088, acc: 1.00%, avg_loss: 0.144762, avg_acc: 95.31%
2017-07-05 21:17:45.891814: Iter: 39000 [44], loss: 0.013171, acc: 1.00%, avg_loss: 0.133841, avg_acc: 96.27%
2017-07-05 21:18:15.809300: Iter: 39200 [44], loss: 0.706993, acc: 0.00%, avg_loss: 0.131278, avg_acc: 96.04%
2017-07-05 21:18:47.115226: Iter: 39400 [44], loss: 0.010122, acc: 1.00%, avg_loss: 0.136751, avg_acc: 95.91%
2017-07-05 21:18:49.995020: 
Epoch 44: avg_Loss: 0.137173704807, avg_Acc: 95.885714285714
2017-07-05 21:19:17.891972: Iter: 39600 [45], loss: 0.000692, acc: 1.00%, avg_loss: 0.139609, avg_acc: 95.00%
2017-07-05 21:19:48.438896: Iter: 39800 [45], loss: 0.076832, acc: 1.00%, avg_loss: 0.132959, avg_acc: 96.32%
2017-07-05 21:20:18.974523: Iter: 40000 [45], loss: 0.004052, acc: 1.00%, avg_loss: 0.126983, avg_acc: 96.03%
2017-07-05 21:20:49.201582: Iter: 40200 [45], loss: 0.959118, acc: 0.00%, avg_loss: 0.139024, avg_acc: 95.38%
2017-07-05 21:21:03.615708: 
Epoch 45: avg_Loss: 0.136479241982, avg_Acc: 95.542857142857
2017-07-05 21:21:19.916183: Iter: 40400 [46], loss: 0.000148, acc: 1.00%, avg_loss: 0.171387, avg_acc: 95.19%
2017-07-05 21:21:50.705556: Iter: 40600 [46], loss: 0.104764, acc: 1.00%, avg_loss: 0.137882, avg_acc: 95.39%
2017-07-05 21:22:20.017907: Iter: 40800 [46], loss: 0.038986, acc: 1.00%, avg_loss: 0.138645, avg_acc: 95.83%
2017-07-05 21:22:50.492619: Iter: 41000 [46], loss: 0.145506, acc: 1.00%, avg_loss: 0.131180, avg_acc: 96.16%
2017-07-05 21:23:16.699069: 
Epoch 46: avg_Loss: 0.136518027676, avg_Acc: 95.771428571429
2017-07-05 21:23:21.373824: Iter: 41200 [47], loss: 0.029618, acc: 1.00%, avg_loss: 0.127316, avg_acc: 92.86%
2017-07-05 21:23:51.937666: Iter: 41400 [47], loss: 0.106229, acc: 1.00%, avg_loss: 0.150876, avg_acc: 94.74%
2017-07-05 21:24:22.538106: Iter: 41600 [47], loss: 0.000484, acc: 1.00%, avg_loss: 0.144032, avg_acc: 95.56%
2017-07-05 21:24:52.208316: Iter: 41800 [47], loss: 0.009116, acc: 1.00%, avg_loss: 0.145854, avg_acc: 95.54%
2017-07-05 21:25:23.038902: Iter: 42000 [47], loss: 0.003141, acc: 1.00%, avg_loss: 0.136742, avg_acc: 95.77%
2017-07-05 21:25:30.225666: 
Epoch 47: avg_Loss: 0.136637417512, avg_Acc: 95.885714285714
2017-07-05 21:25:53.325384: Iter: 42200 [48], loss: 0.022621, acc: 1.00%, avg_loss: 0.106820, avg_acc: 96.05%
2017-07-05 21:26:24.295267: Iter: 42400 [48], loss: 0.011882, acc: 1.00%, avg_loss: 0.136951, avg_acc: 94.89%
2017-07-05 21:26:54.840258: Iter: 42600 [48], loss: 0.000673, acc: 1.00%, avg_loss: 0.123472, avg_acc: 95.83%
2017-07-05 21:27:23.601872: Iter: 42800 [48], loss: 0.042181, acc: 1.00%, avg_loss: 0.137316, avg_acc: 95.35%
2017-07-05 21:27:42.162459: 
Epoch 48: avg_Loss: 0.136431326748, avg_Acc: 95.542857142857
2017-07-05 21:27:53.472911: Iter: 43000 [49], loss: 0.019493, acc: 1.00%, avg_loss: 0.134363, avg_acc: 96.05%
2017-07-05 21:28:23.453519: Iter: 43200 [49], loss: 0.612282, acc: 1.00%, avg_loss: 0.145537, avg_acc: 93.84%
2017-07-05 21:28:54.166560: Iter: 43400 [49], loss: 0.009045, acc: 1.00%, avg_loss: 0.130128, avg_acc: 95.17%
2017-07-05 21:29:24.932676: Iter: 43600 [49], loss: 0.000983, acc: 1.00%, avg_loss: 0.140181, avg_acc: 95.27%
2017-07-05 21:29:56.872477: Iter: 43800 [49], loss: 0.005590, acc: 1.00%, avg_loss: 0.136019, avg_acc: 95.78%
2017-07-05 21:29:56.872633: 
Epoch 49: avg_Loss: 0.136174576672, avg_Acc: 95.885714285714
2017-07-05 21:29:57.281418: 
Testing at last epoch...
2017-07-05 21:31:46.318872: epoch: 50 Accuracy: 96.4039%, loss: 0.118880778448, i: 723
2017-07-05 21:31:46.318929: Exiting train...
